Unity Editor version:    2022.3.17f1 (4fc78088f837)
Branch:                  2022.3/staging
Build type:              Release
Batch mode:              YES
macOS version:           Version 14.2.1 (Build 23C71)
Darwin version:          23.2.0
Architecture:            arm64
Running under Rosetta:   NO
Available memory:        16384 MB
Using pre-set license
Pro License: YES

COMMAND LINE ARGUMENTS:
/Applications/Unity/Hub/Editor/2022.3.17f1/Unity.app/Contents/MacOS/Unity
-adb2
-batchMode
-noUpm
-name
AssetImportWorker1
-projectPath
/Users/mac/Desktop/2D-Movement-master/2D Movement
-logFile
Logs/AssetImportWorker1.log
-srvPort
52484
Successfully changed project path to: /Users/mac/Desktop/2D-Movement-master/2D Movement
/Users/mac/Desktop/2D-Movement-master/2D Movement
[UnityMemory] Configuration Parameters - Can be set up in boot.config
    "memorysetup-bucket-allocator-granularity=16"
    "memorysetup-bucket-allocator-bucket-count=8"
    "memorysetup-bucket-allocator-block-size=33554432"
    "memorysetup-bucket-allocator-block-count=8"
    "memorysetup-main-allocator-block-size=16777216"
    "memorysetup-thread-allocator-block-size=16777216"
    "memorysetup-gfx-main-allocator-block-size=16777216"
    "memorysetup-gfx-thread-allocator-block-size=16777216"
    "memorysetup-cache-allocator-block-size=4194304"
    "memorysetup-typetree-allocator-block-size=2097152"
    "memorysetup-profiler-bucket-allocator-granularity=16"
    "memorysetup-profiler-bucket-allocator-bucket-count=8"
    "memorysetup-profiler-bucket-allocator-block-size=33554432"
    "memorysetup-profiler-bucket-allocator-block-count=8"
    "memorysetup-profiler-allocator-block-size=16777216"
    "memorysetup-profiler-editor-allocator-block-size=1048576"
    "memorysetup-temp-allocator-size-main=16777216"
    "memorysetup-job-temp-allocator-block-size=2097152"
    "memorysetup-job-temp-allocator-block-size-background=1048576"
    "memorysetup-job-temp-allocator-reduction-small-platforms=262144"
    "memorysetup-allocator-temp-initial-block-size-main=262144"
    "memorysetup-allocator-temp-initial-block-size-worker=262144"
    "memorysetup-temp-allocator-size-background-worker=32768"
    "memorysetup-temp-allocator-size-job-worker=262144"
    "memorysetup-temp-allocator-size-preload-manager=33554432"
    "memorysetup-temp-allocator-size-nav-mesh-worker=65536"
    "memorysetup-temp-allocator-size-audio-worker=65536"
    "memorysetup-temp-allocator-size-cloud-worker=32768"
    "memorysetup-temp-allocator-size-gi-baking-worker=262144"
    "memorysetup-temp-allocator-size-gfx=262144"
Player connection [7956959232] Host "[IP] 192.169.32.126 [Port] 0 [Flags] 2 [Guid] 1229938048 [EditorId] 1229938048 [Version] 1048832 [Id] OSXEditor(0,Gi5-1.arc005.sin3.pacific.net.sg) [Debug] 1 [PackageName] OSXEditor [ProjectName] Editor" joined multi-casting on [225.0.0.222:54997]...

Player connection [7956959232] Host "[IP] 192.169.32.126 [Port] 0 [Flags] 2 [Guid] 1229938048 [EditorId] 1229938048 [Version] 1048832 [Id] OSXEditor(0,Gi5-1.arc005.sin3.pacific.net.sg) [Debug] 1 [PackageName] OSXEditor [ProjectName] Editor" joined alternative multi-casting on [225.0.0.222:34997]...

[Physics::Module] Initialized MultithreadedJobDispatcher with 7 workers.
Refreshing native plugins compatible for Editor in 14.22 ms, found 2 plugins.
Preloading 0 native plugins for Editor in 0.00 ms.
Initialize engine version: 2022.3.17f1 (4fc78088f837)
[Subsystems] Discovering subsystems at path /Applications/Unity/Hub/Editor/2022.3.17f1/Unity.app/Contents/Resources/UnitySubsystems
[Subsystems] Discovering subsystems at path /Users/mac/Desktop/2D-Movement-master/2D Movement/Assets
GfxDevice: creating device client; threaded=0; jobified=0
 preferred device: Apple M1 (high power)
Metal devices available: 1
0: Apple M1 (high power)
Using device Apple M1 (high power)
Initializing Metal device caps: Apple M1
Initialize mono
Mono path[0] = '/Applications/Unity/Hub/Editor/2022.3.17f1/Unity.app/Contents/Managed'
Mono path[1] = '/Applications/Unity/Hub/Editor/2022.3.17f1/Unity.app/Contents/MonoBleedingEdge/lib/mono/unityjit-macos'
Mono config path = '/Applications/Unity/Hub/Editor/2022.3.17f1/Unity.app/Contents/MonoBleedingEdge/etc'
Using monoOptions --debugger-agent=transport=dt_socket,embedding=1,server=y,suspend=n,address=127.0.0.1:56672
Begin MonoManager ReloadAssembly
Registering precompiled unity dll's ...
Register platform support module: /Applications/Unity/Hub/Editor/2022.3.17f1/PlaybackEngines/WebGLSupport/UnityEditor.WebGL.Extensions.dll
Register platform support module: /Applications/Unity/Hub/Editor/2022.3.17f1/Unity.app/Contents/PlaybackEngines/MacStandaloneSupport/UnityEditor.OSXStandalone.Extensions.dll
Registered in 0.002599 seconds.
- Loaded All Assemblies, in  0.233 seconds
Native extension for OSXStandalone target not found
Native extension for WebGL target not found
Mono: successfully reloaded assembly
- Finished resetting the current domain, in  0.156 seconds
Domain Reload Profiling: 389ms
	BeginReloadAssembly (80ms)
		ExecutionOrderSort (0ms)
		DisableScriptedObjects (0ms)
		BackupInstance (0ms)
		ReleaseScriptingObjects (0ms)
		CreateAndSetChildDomain (0ms)
	RebuildCommonClasses (20ms)
	RebuildNativeTypeToScriptingClass (8ms)
	initialDomainReloadingComplete (30ms)
	LoadAllAssembliesAndSetupDomain (94ms)
		LoadAssemblies (81ms)
		RebuildTransferFunctionScriptingTraits (0ms)
		AnalyzeDomain (92ms)
			TypeCache.Refresh (91ms)
				TypeCache.ScanAssembly (81ms)
			ScanForSourceGeneratedMonoScriptInfo (0ms)
			ResolveRequiredComponents (0ms)
	FinalizeReload (156ms)
		ReleaseScriptCaches (0ms)
		RebuildScriptCaches (0ms)
		SetupLoadedEditorAssemblies (119ms)
			LogAssemblyErrors (0ms)
			InitializePlatformSupportModulesInManaged (4ms)
			SetLoadedEditorAssemblies (3ms)
			RefreshPlugins (0ms)
			BeforeProcessingInitializeOnLoad (1ms)
			ProcessInitializeOnLoadAttributes (84ms)
			ProcessInitializeOnLoadMethodAttributes (26ms)
			AfterProcessingInitializeOnLoad (0ms)
			EditorAssembliesLoaded (0ms)
		ExecutionOrderSort2 (0ms)
		AwakeInstancesAfterBackupRestoration (0ms)
========================================================================
Worker process is ready to serve import requests
Begin MonoManager ReloadAssembly
Symbol file LoadedFromMemory is not a mono symbol file
- Loaded All Assemblies, in  0.361 seconds
Refreshing native plugins compatible for Editor in 1.87 ms, found 2 plugins.
Native extension for OSXStandalone target not found
Native extension for WebGL target not found
Package Manager log level set to [2]
[Package Manager] Server::EnsureServerProcessIsRunning -- launch failed, reason: Unity was launched with the -noUpm command-line argument
[Package Manager] UpmClient::Send -- Unable to send message (not connected to UPM process).
[Package Manager] Cannot connect to Unity Package Manager local server
Mono: successfully reloaded assembly
- Finished resetting the current domain, in  0.398 seconds
Domain Reload Profiling: 759ms
	BeginReloadAssembly (63ms)
		ExecutionOrderSort (0ms)
		DisableScriptedObjects (3ms)
		BackupInstance (0ms)
		ReleaseScriptingObjects (0ms)
		CreateAndSetChildDomain (10ms)
	RebuildCommonClasses (21ms)
	RebuildNativeTypeToScriptingClass (8ms)
	initialDomainReloadingComplete (22ms)
	LoadAllAssembliesAndSetupDomain (248ms)
		LoadAssemblies (198ms)
		RebuildTransferFunctionScriptingTraits (0ms)
		AnalyzeDomain (80ms)
			TypeCache.Refresh (70ms)
				TypeCache.ScanAssembly (56ms)
			ScanForSourceGeneratedMonoScriptInfo (8ms)
			ResolveRequiredComponents (2ms)
	FinalizeReload (398ms)
		ReleaseScriptCaches (0ms)
		RebuildScriptCaches (0ms)
		SetupLoadedEditorAssemblies (310ms)
			LogAssemblyErrors (0ms)
			InitializePlatformSupportModulesInManaged (3ms)
			SetLoadedEditorAssemblies (2ms)
			RefreshPlugins (0ms)
			BeforeProcessingInitializeOnLoad (29ms)
			ProcessInitializeOnLoadAttributes (180ms)
			ProcessInitializeOnLoadMethodAttributes (95ms)
			AfterProcessingInitializeOnLoad (1ms)
			EditorAssembliesLoaded (0ms)
		ExecutionOrderSort2 (0ms)
		AwakeInstancesAfterBackupRestoration (2ms)
Launching external process: /Applications/Unity/Hub/Editor/2022.3.17f1/Unity.app/Contents/Tools/UnityShaderCompiler
Launched and connected shader compiler UnityShaderCompiler after 0.05 seconds
Refreshing native plugins compatible for Editor in 1.73 ms, found 2 plugins.
Preloading 0 native plugins for Editor in 0.00 ms.
Unloading 2525 Unused Serialized files (Serialized files now loaded: 0)
Unloading 61 unused Assets / (62.8 KB). Loaded Objects now: 2966.
Memory consumption went from 116.2 MB to 116.1 MB.
Total: 5.945709 ms (FindLiveObjects: 0.095208 ms CreateObjectMapping: 0.031667 ms MarkObjects: 5.696125 ms  DeleteObjects: 0.122125 ms)

AssetImportParameters requested are different than current active one (requested -> active):
  custom:video-decoder-webm-vp8: 9c59270c3fd7afecdb556c50c9e8de78 -> 
  custom:SearchIndexIgnoredProperties: e643bd26f0fe6173181afceb89e7c659 -> 
  custom:container-demuxer-ogg: 62fdf1f143b41e24485cea50d1cbac27 -> 
  custom:AudioImporter_EditorPlatform: 3918e3fc78b5a79bad01e8451be0beb8 -> 
  custom:video-decoder-ogg-theora: a1e56fd34408186e4bbccfd4996cb3dc -> 
  custom:framework-osx-AVFoundation: e770b220cccbd017edd2c1fefb359320 -> 
  custom:video-encoder-webm-vp8: eb34c28f22e8b96e1ab97ce403110664 -> 
  custom:audio-decoder-ogg-vorbis: bf7c407c2cedff20999df2af8eb42d56 -> 
  custom:CustomObjectIndexerAttribute: 6d391050e5a25f67b0a2c618074f2cd9 -> 
  custom:container-demuxer-webm: 4f35f7cbe854078d1ac9338744f61a02 -> 
  custom:audio-encoder-webm-vorbis: bf7c407c2cedff20999df2af8eb42d56 -> 
  custom:container-muxer-webm: aa71ff27fc2769a1b78a27578f13a17b -> 
========================================================================
Received Import Request.
  Time since last request: 293644.482313 seconds.
  path: Assets/Tiles/tileset-sliced_1.asset
  artifactKey: Guid(7d839c30e08633a4ea1543423691fb2e) Importer(815301076,1909f56bfc062723c751e8b465ee728b)
Start importing Assets/Tiles/tileset-sliced_1.asset using Guid(7d839c30e08633a4ea1543423691fb2e) Importer(815301076,1909f56bfc062723c751e8b465ee728b)  -> (artifact id: '41fd62202208df3f6e6ee938f793af64') in 0.086115 seconds
Number of updated asset objects reloaded before import = 0
Number of asset objects unloaded after import = 3
========================================================================
Received Import Request.
  Time since last request: 0.000154 seconds.
  path: Assets/Tiles/tileset-sliced_2.asset
  artifactKey: Guid(cc46f24a7afefd449a6eebfbcc8aeb6a) Importer(815301076,1909f56bfc062723c751e8b465ee728b)
Start importing Assets/Tiles/tileset-sliced_2.asset using Guid(cc46f24a7afefd449a6eebfbcc8aeb6a) Importer(815301076,1909f56bfc062723c751e8b465ee728b)  -> (artifact id: '155158873456f34401144c28e05fb6ee') in 0.003825 seconds
Number of updated asset objects reloaded before import = 0
Number of asset objects unloaded after import = 3
========================================================================
Received Import Request.
  Time since last request: 0.000039 seconds.
  path: Assets/Tiles/tileset-sliced_0.asset
  artifactKey: Guid(62e84a0c42ee0df47be68381936c30c2) Importer(815301076,1909f56bfc062723c751e8b465ee728b)
Start importing Assets/Tiles/tileset-sliced_0.asset using Guid(62e84a0c42ee0df47be68381936c30c2) Importer(815301076,1909f56bfc062723c751e8b465ee728b)  -> (artifact id: '075bb908f25b12b38340b22f607519ab') in 0.002757 seconds
Number of updated asset objects reloaded before import = 0
Number of asset objects unloaded after import = 3
========================================================================
Received Import Request.
  Time since last request: 13.578223 seconds.
  path: Assets/Sunnyland/artwork/Sprites/player/crouch/player-crouch-2.png
  artifactKey: Guid(448d57c5e4c694686badaba281a6adff) Importer(815301076,1909f56bfc062723c751e8b465ee728b)
Start importing Assets/Sunnyland/artwork/Sprites/player/crouch/player-crouch-2.png using Guid(448d57c5e4c694686badaba281a6adff) Importer(815301076,1909f56bfc062723c751e8b465ee728b)  -> (artifact id: '9e42d53f1be4ba60b240143a770a905c') in 0.021392 seconds
Number of updated asset objects reloaded before import = 0
Number of asset objects unloaded after import = 3
========================================================================
Received Import Request.
  Time since last request: 23.755971 seconds.
  path: Assets/Sunnyland/artwork/Sprites/player/climb/player-climb-2.png
  artifactKey: Guid(94cffd9e5ecd3497c9831ffe8ae1605c) Importer(815301076,1909f56bfc062723c751e8b465ee728b)
Start importing Assets/Sunnyland/artwork/Sprites/player/climb/player-climb-2.png using Guid(94cffd9e5ecd3497c9831ffe8ae1605c) Importer(815301076,1909f56bfc062723c751e8b465ee728b)  -> (artifact id: '48497f7c6ef78fe046c4593b94c666e0') in 0.008993 seconds
Number of updated asset objects reloaded before import = 0
Number of asset objects unloaded after import = 3
========================================================================
Received Import Request.
  Time since last request: 0.000178 seconds.
  path: Assets/Sunnyland/artwork/Sprites/player/climb/player-climb-3.png
  artifactKey: Guid(eb5b673fa31e44bc9b15d686c24009da) Importer(815301076,1909f56bfc062723c751e8b465ee728b)
Start importing Assets/Sunnyland/artwork/Sprites/player/climb/player-climb-3.png using Guid(eb5b673fa31e44bc9b15d686c24009da) Importer(815301076,1909f56bfc062723c751e8b465ee728b)  -> (artifact id: 'f6713c9f35e04948a6a1e3bd05d5fd66') in 0.006615 seconds
Number of updated asset objects reloaded before import = 0
Number of asset objects unloaded after import = 3
========================================================================
Received Import Request.
  Time since last request: 7.211526 seconds.
  path: Assets/Sunnyland/artwork/Sprites/player/idle/player-idle-2.png
  artifactKey: Guid(c8a742c1f2ebb43b9afe34a47304c051) Importer(815301076,1909f56bfc062723c751e8b465ee728b)
Start importing Assets/Sunnyland/artwork/Sprites/player/idle/player-idle-2.png using Guid(c8a742c1f2ebb43b9afe34a47304c051) Importer(815301076,1909f56bfc062723c751e8b465ee728b)  -> (artifact id: 'e7008992c5c9ef9d8c4d472456d06639') in 0.009354 seconds
Number of updated asset objects reloaded before import = 0
Number of asset objects unloaded after import = 3
========================================================================
Received Import Request.
  Time since last request: 0.000198 seconds.
  path: Assets/Sunnyland/artwork/Sprites/player/idle/player-idle-4.png
  artifactKey: Guid(8bc3c2c2a565342aab778fd8e874313a) Importer(815301076,1909f56bfc062723c751e8b465ee728b)
Start importing Assets/Sunnyland/artwork/Sprites/player/idle/player-idle-4.png using Guid(8bc3c2c2a565342aab778fd8e874313a) Importer(815301076,1909f56bfc062723c751e8b465ee728b)  -> (artifact id: '3cdd2bd1548846b3ce4510b5755d8f79') in 0.007468 seconds
Number of updated asset objects reloaded before import = 0
Number of asset objects unloaded after import = 3
========================================================================
Received Import Request.
  Time since last request: 8.521687 seconds.
  path: Assets/Sunnyland/artwork/Sprites/player/idle/player-idle-3.png
  artifactKey: Guid(077f0469c420a4365bc67943783293df) Importer(815301076,1909f56bfc062723c751e8b465ee728b)
Start importing Assets/Sunnyland/artwork/Sprites/player/idle/player-idle-3.png using Guid(077f0469c420a4365bc67943783293df) Importer(815301076,1909f56bfc062723c751e8b465ee728b)  -> (artifact id: '7893065ae752b3eef6c7bea38cc195ab') in 0.004341 seconds
Number of updated asset objects reloaded before import = 0
Number of asset objects unloaded after import = 3
========================================================================
Received Import Request.
  Time since last request: 4.439205 seconds.
  path: Assets/Sunnyland/artwork/Sprites/player/jump/player-jump-2.png
  artifactKey: Guid(598fb1767626f42e992bb9c2769d86ea) Importer(815301076,1909f56bfc062723c751e8b465ee728b)
Start importing Assets/Sunnyland/artwork/Sprites/player/jump/player-jump-2.png using Guid(598fb1767626f42e992bb9c2769d86ea) Importer(815301076,1909f56bfc062723c751e8b465ee728b)  -> (artifact id: 'b806b7bdbb55badb43fafb091ee8a3c5') in 0.009334 seconds
Number of updated asset objects reloaded before import = 0
Number of asset objects unloaded after import = 3
========================================================================
Received Import Request.
  Time since last request: 8.478161 seconds.
  path: Assets/Sunnyland/artwork/Sprites/player/run/player-run-2.png
  artifactKey: Guid(d094cf6ac3d8a4d0bbbef5d6d6ad3eed) Importer(815301076,1909f56bfc062723c751e8b465ee728b)
Start importing Assets/Sunnyland/artwork/Sprites/player/run/player-run-2.png using Guid(d094cf6ac3d8a4d0bbbef5d6d6ad3eed) Importer(815301076,1909f56bfc062723c751e8b465ee728b)  -> (artifact id: 'cab38c4d410207e6c5d7e4767370d7ef') in 0.009531 seconds
Number of updated asset objects reloaded before import = 0
Number of asset objects unloaded after import = 3
========================================================================
Received Import Request.
  Time since last request: 0.000185 seconds.
  path: Assets/Sunnyland/artwork/Sprites/player/run/player-run-3.png
  artifactKey: Guid(3f59d4fdf4fe04ab79f11dadde82fe8c) Importer(815301076,1909f56bfc062723c751e8b465ee728b)
Start importing Assets/Sunnyland/artwork/Sprites/player/run/player-run-3.png using Guid(3f59d4fdf4fe04ab79f11dadde82fe8c) Importer(815301076,1909f56bfc062723c751e8b465ee728b)  -> (artifact id: 'd9c1c5660da833a46ea97b15e4d05903') in 0.007027 seconds
Number of updated asset objects reloaded before import = 0
Number of asset objects unloaded after import = 3
========================================================================
Received Import Request.
  Time since last request: 0.000158 seconds.
  path: Assets/Sunnyland/artwork/Sprites/player/run/player-run-6.png
  artifactKey: Guid(af314424f59d946469a97f398e8de53f) Importer(815301076,1909f56bfc062723c751e8b465ee728b)
Start importing Assets/Sunnyland/artwork/Sprites/player/run/player-run-6.png using Guid(af314424f59d946469a97f398e8de53f) Importer(815301076,1909f56bfc062723c751e8b465ee728b)  -> (artifact id: '14f8726912ca07ccc1e205d1a4171d92') in 0.006237 seconds
Number of updated asset objects reloaded before import = 0
Number of asset objects unloaded after import = 3
========================================================================
Received Import Request.
  Time since last request: 8.280261 seconds.
  path: Assets/Sunnyland/artwork/Sprites/player/run/player-run-3.png
  artifactKey: Guid(3f59d4fdf4fe04ab79f11dadde82fe8c) Importer(815301076,1909f56bfc062723c751e8b465ee728b)
Start importing Assets/Sunnyland/artwork/Sprites/player/run/player-run-3.png using Guid(3f59d4fdf4fe04ab79f11dadde82fe8c) Importer(815301076,1909f56bfc062723c751e8b465ee728b)  -> (artifact id: '3d49f4981bed94f2b1cd32a47646f026') in 0.004222 seconds
Number of updated asset objects reloaded before import = 0
Number of asset objects unloaded after import = 3
========================================================================
Received Import Request.
  Time since last request: 0.000133 seconds.
  path: Assets/Sunnyland/artwork/Sprites/player/run/player-run-4.png
  artifactKey: Guid(bc3fcf1d561104bea933686de6bade4b) Importer(815301076,1909f56bfc062723c751e8b465ee728b)
Start importing Assets/Sunnyland/artwork/Sprites/player/run/player-run-4.png using Guid(bc3fcf1d561104bea933686de6bade4b) Importer(815301076,1909f56bfc062723c751e8b465ee728b)  -> (artifact id: '5b8dcef5c729c80a5f4477e68f4e790f') in 0.004287 seconds
Number of updated asset objects reloaded before import = 0
Number of asset objects unloaded after import = 3
========================================================================
Received Import Request.
  Time since last request: 5.869741 seconds.
  path: Assets/Sunnyland/artwork/Sprites/Items/cherry/cherry-2.png
  artifactKey: Guid(8582e97fa62334fbd8bd10c1052e27b8) Importer(815301076,1909f56bfc062723c751e8b465ee728b)
Start importing Assets/Sunnyland/artwork/Sprites/Items/cherry/cherry-2.png using Guid(8582e97fa62334fbd8bd10c1052e27b8) Importer(815301076,1909f56bfc062723c751e8b465ee728b)  -> (artifact id: 'df19dad6bc3f013c58f9c605e3ce5667') in 0.009928 seconds
Number of updated asset objects reloaded before import = 0
Number of asset objects unloaded after import = 3
========================================================================
Received Import Request.
  Time since last request: 0.000249 seconds.
  path: Assets/Sunnyland/artwork/Sprites/Items/cherry/cherry-5.png
  artifactKey: Guid(273ba8fade558457eb836eefe69bba7f) Importer(815301076,1909f56bfc062723c751e8b465ee728b)
Start importing Assets/Sunnyland/artwork/Sprites/Items/cherry/cherry-5.png using Guid(273ba8fade558457eb836eefe69bba7f) Importer(815301076,1909f56bfc062723c751e8b465ee728b)  -> (artifact id: '37d637ad9eb1b8054545b09f306d55b4') in 0.007591 seconds
Number of updated asset objects reloaded before import = 0
Number of asset objects unloaded after import = 3
========================================================================
Received Import Request.
  Time since last request: 0.000183 seconds.
  path: Assets/Sunnyland/artwork/Sprites/Items/cherry/cherry-3.png
  artifactKey: Guid(06c04197e6f394ba897942f561e896c1) Importer(815301076,1909f56bfc062723c751e8b465ee728b)
Start importing Assets/Sunnyland/artwork/Sprites/Items/cherry/cherry-3.png using Guid(06c04197e6f394ba897942f561e896c1) Importer(815301076,1909f56bfc062723c751e8b465ee728b)  -> (artifact id: 'b13583836729286dd36879b5b8e9b3da') in 0.006054 seconds
Number of updated asset objects reloaded before import = 0
Number of asset objects unloaded after import = 3
========================================================================
Received Import Request.
  Time since last request: 0.618128 seconds.
  path: Assets/Sunnyland/artwork/Sprites/Items/gem/gem-2.png
  artifactKey: Guid(c9e6b5e11d0ef456eb7f7ebd3e750671) Importer(815301076,1909f56bfc062723c751e8b465ee728b)
Start importing Assets/Sunnyland/artwork/Sprites/Items/gem/gem-2.png using Guid(c9e6b5e11d0ef456eb7f7ebd3e750671) Importer(815301076,1909f56bfc062723c751e8b465ee728b)  -> (artifact id: 'a5607256d589e7649cae5549ffc5cf55') in 0.009027 seconds
Number of updated asset objects reloaded before import = 0
Number of asset objects unloaded after import = 3
========================================================================
Received Import Request.
  Time since last request: 0.000230 seconds.
  path: Assets/Sunnyland/artwork/Sprites/Items/gem/gem-4.png
  artifactKey: Guid(5f35659c40d6a435fade670c478a52b1) Importer(815301076,1909f56bfc062723c751e8b465ee728b)
Start importing Assets/Sunnyland/artwork/Sprites/Items/gem/gem-4.png using Guid(5f35659c40d6a435fade670c478a52b1) Importer(815301076,1909f56bfc062723c751e8b465ee728b)  -> (artifact id: 'bda4e2c68d3cce604424279b819e4653') in 0.007276 seconds
Number of updated asset objects reloaded before import = 0
Number of asset objects unloaded after import = 3
========================================================================
Received Import Request.
  Time since last request: 0.000161 seconds.
  path: Assets/Sunnyland/artwork/Sprites/Items/gem/gem-5.png
  artifactKey: Guid(63fd366633d434aeb8ee3ee766305016) Importer(815301076,1909f56bfc062723c751e8b465ee728b)
Start importing Assets/Sunnyland/artwork/Sprites/Items/gem/gem-5.png using Guid(63fd366633d434aeb8ee3ee766305016) Importer(815301076,1909f56bfc062723c751e8b465ee728b)  -> (artifact id: 'b8da0e77c12560215539d1ec3372b0ff') in 0.005856 seconds
Number of updated asset objects reloaded before import = 0
Number of asset objects unloaded after import = 3
========================================================================
Received Import Request.
  Time since last request: 10.398714 seconds.
  path: Assets/Sunnyland/artwork/Sprites/Items/cherry/cherry-6.png
  artifactKey: Guid(4f35b6058a719446ba48dc4dc2704635) Importer(815301076,1909f56bfc062723c751e8b465ee728b)
Start importing Assets/Sunnyland/artwork/Sprites/Items/cherry/cherry-6.png using Guid(4f35b6058a719446ba48dc4dc2704635) Importer(815301076,1909f56bfc062723c751e8b465ee728b)  -> (artifact id: 'f93f9c29ec0239ea6a04f0f22edc4c7d') in 0.004527 seconds
Number of updated asset objects reloaded before import = 0
Number of asset objects unloaded after import = 3
========================================================================
Received Import Request.
  Time since last request: 7.303416 seconds.
  path: Assets/Sunnyland/artwork/Sprites/Items/gem/gem-5.png
  artifactKey: Guid(63fd366633d434aeb8ee3ee766305016) Importer(815301076,1909f56bfc062723c751e8b465ee728b)
Start importing Assets/Sunnyland/artwork/Sprites/Items/gem/gem-5.png using Guid(63fd366633d434aeb8ee3ee766305016) Importer(815301076,1909f56bfc062723c751e8b465ee728b)  -> (artifact id: '1639111564dcf05b06202a083282ac4e') in 0.004666 seconds
Number of updated asset objects reloaded before import = 0
Number of asset objects unloaded after import = 3
========================================================================
Received Import Request.
  Time since last request: 3.910386 seconds.
  path: Assets/Sunnyland/artwork/Environment/props/bush.png
  artifactKey: Guid(ecc204495234d40f091d828790c56287) Importer(815301076,1909f56bfc062723c751e8b465ee728b)
Start importing Assets/Sunnyland/artwork/Environment/props/bush.png using Guid(ecc204495234d40f091d828790c56287) Importer(815301076,1909f56bfc062723c751e8b465ee728b)  -> (artifact id: 'a794355d9555d851a4767c101178c10f') in 0.010009 seconds
Number of updated asset objects reloaded before import = 0
Number of asset objects unloaded after import = 3
========================================================================
Received Import Request.
  Time since last request: 0.000163 seconds.
  path: Assets/Sunnyland/artwork/Environment/props/door.png
  artifactKey: Guid(8a26d60fb45014bcd9bb392106f7c98b) Importer(815301076,1909f56bfc062723c751e8b465ee728b)
Start importing Assets/Sunnyland/artwork/Environment/props/door.png using Guid(8a26d60fb45014bcd9bb392106f7c98b) Importer(815301076,1909f56bfc062723c751e8b465ee728b)  -> (artifact id: '111cae40f0bbecbfe06e36f1b58a79a9') in 0.007181 seconds
Number of updated asset objects reloaded before import = 0
Number of asset objects unloaded after import = 3
========================================================================
Received Import Request.
  Time since last request: 0.000152 seconds.
  path: Assets/Sunnyland/artwork/Environment/props/crank-down.png
  artifactKey: Guid(d3240c946631a4966b1bcab3db999126) Importer(815301076,1909f56bfc062723c751e8b465ee728b)
Start importing Assets/Sunnyland/artwork/Environment/props/crank-down.png using Guid(d3240c946631a4966b1bcab3db999126) Importer(815301076,1909f56bfc062723c751e8b465ee728b)  -> (artifact id: '48a61f19fac6381926864c2ae02afa39') in 0.006334 seconds
Number of updated asset objects reloaded before import = 0
Number of asset objects unloaded after import = 3
========================================================================
Received Import Request.
  Time since last request: 0.854143 seconds.
  path: Assets/Sunnyland/artwork/Environment/props/block.png
  artifactKey: Guid(8a8849b7b8b964564b9e89cb1ded0658) Importer(815301076,1909f56bfc062723c751e8b465ee728b)
Start importing Assets/Sunnyland/artwork/Environment/props/block.png using Guid(8a8849b7b8b964564b9e89cb1ded0658) Importer(815301076,1909f56bfc062723c751e8b465ee728b)  -> (artifact id: '18b7d2b08f6894f5da0367585378db47') in 0.008856 seconds
Number of updated asset objects reloaded before import = 0
Number of asset objects unloaded after import = 3
========================================================================
Received Import Request.
  Time since last request: 0.436573 seconds.
  path: Assets/Sunnyland/artwork/Environment/props/platform-long.png
  artifactKey: Guid(15fdc3c0ac15e4a62b3f968392db8b58) Importer(815301076,1909f56bfc062723c751e8b465ee728b)
Start importing Assets/Sunnyland/artwork/Environment/props/platform-long.png using Guid(15fdc3c0ac15e4a62b3f968392db8b58) Importer(815301076,1909f56bfc062723c751e8b465ee728b)  -> (artifact id: 'bfd213eb7126536795fc90a99888ddfd') in 0.006386 seconds
Number of updated asset objects reloaded before import = 0
Number of asset objects unloaded after import = 3
========================================================================
Received Import Request.
  Time since last request: 0.040016 seconds.
  path: Assets/Sunnyland/artwork/Environment/props/shrooms.png
  artifactKey: Guid(f106f73fc33df4c4d9a3e8a5cb54db28) Importer(815301076,1909f56bfc062723c751e8b465ee728b)
Start importing Assets/Sunnyland/artwork/Environment/props/shrooms.png using Guid(f106f73fc33df4c4d9a3e8a5cb54db28) Importer(815301076,1909f56bfc062723c751e8b465ee728b)  -> (artifact id: '5635963ec98ef85cd0ef97bfc0cc11f1') in 0.005330 seconds
Number of updated asset objects reloaded before import = 0
Number of asset objects unloaded after import = 3
========================================================================
Received Import Request.
  Time since last request: 0.041144 seconds.
  path: Assets/Sunnyland/artwork/Environment/props/skulls.png
  artifactKey: Guid(a86fabb3151544d25b4310ff397f732a) Importer(815301076,1909f56bfc062723c751e8b465ee728b)
Start importing Assets/Sunnyland/artwork/Environment/props/skulls.png using Guid(a86fabb3151544d25b4310ff397f732a) Importer(815301076,1909f56bfc062723c751e8b465ee728b)  -> (artifact id: 'dba2c5e1a7ee29dfbcc835a4041b770d') in 0.005438 seconds
Number of updated asset objects reloaded before import = 0
Number of asset objects unloaded after import = 3
========================================================================
Received Import Request.
  Time since last request: 0.045614 seconds.
  path: Assets/Sunnyland/artwork/Environment/props/spike-skull.png
  artifactKey: Guid(a225befe4953547da8c4133e5d585029) Importer(815301076,1909f56bfc062723c751e8b465ee728b)
Start importing Assets/Sunnyland/artwork/Environment/props/spike-skull.png using Guid(a225befe4953547da8c4133e5d585029) Importer(815301076,1909f56bfc062723c751e8b465ee728b)  -> (artifact id: '29a4f5651abc14491c38a739aff73016') in 0.004829 seconds
Number of updated asset objects reloaded before import = 0
Number of asset objects unloaded after import = 3
========================================================================
Received Import Request.
  Time since last request: 0.048228 seconds.
  path: Assets/Sunnyland/artwork/Environment/props/spikes-top.png
  artifactKey: Guid(c6803a2a3fe7f45e786b788e8ddb6771) Importer(815301076,1909f56bfc062723c751e8b465ee728b)
Start importing Assets/Sunnyland/artwork/Environment/props/spikes-top.png using Guid(c6803a2a3fe7f45e786b788e8ddb6771) Importer(815301076,1909f56bfc062723c751e8b465ee728b)  -> (artifact id: '888058cfe95863c2f70c6217866599a5') in 0.004666 seconds
Number of updated asset objects reloaded before import = 0
Number of asset objects unloaded after import = 3
========================================================================
Received Import Request.
  Time since last request: 6.784530 seconds.
  path: Assets/Sunnyland/artwork/Environment/props/spikes.png
  artifactKey: Guid(0049772a1acaf4a49b69bb504ffe2669) Importer(815301076,1909f56bfc062723c751e8b465ee728b)
Start importing Assets/Sunnyland/artwork/Environment/props/spikes.png using Guid(0049772a1acaf4a49b69bb504ffe2669) Importer(815301076,1909f56bfc062723c751e8b465ee728b)  -> (artifact id: 'd0c5f02f65c119efcb86a82aa168476e') in 0.004390 seconds
Number of updated asset objects reloaded before import = 0
Number of asset objects unloaded after import = 3
========================================================================
Received Import Request.
  Time since last request: 0.000085 seconds.
  path: Assets/Sunnyland/artwork/Environment/props/tree.png
  artifactKey: Guid(f7187675ec12e4aacaeb0e97ad31230a) Importer(815301076,1909f56bfc062723c751e8b465ee728b)
Start importing Assets/Sunnyland/artwork/Environment/props/tree.png using Guid(f7187675ec12e4aacaeb0e97ad31230a) Importer(815301076,1909f56bfc062723c751e8b465ee728b)  -> (artifact id: '4dd0c2189280b6ecba2ad16434a17aec') in 0.005091 seconds
Number of updated asset objects reloaded before import = 0
Number of asset objects unloaded after import = 3
========================================================================
Received Import Request.
  Time since last request: 4.581058 seconds.
  path: Assets/Tiles/tileset-sliced_5.asset
  artifactKey: Guid(4e5de91a68ac368478b95e38d2b1220d) Importer(815301076,1909f56bfc062723c751e8b465ee728b)
Start importing Assets/Tiles/tileset-sliced_5.asset using Guid(4e5de91a68ac368478b95e38d2b1220d) Importer(815301076,1909f56bfc062723c751e8b465ee728b)  -> (artifact id: '81921b378ea5fea6f8ba1b16f6335c69') in 0.007202 seconds
Number of updated asset objects reloaded before import = 0
Number of asset objects unloaded after import = 3
========================================================================
Received Import Request.
  Time since last request: 1.096008 seconds.
  path: Assets/Tiles/tileset-sliced_8.asset
  artifactKey: Guid(0c98edca167f30c478e94f56defa5177) Importer(815301076,1909f56bfc062723c751e8b465ee728b)
Start importing Assets/Tiles/tileset-sliced_8.asset using Guid(0c98edca167f30c478e94f56defa5177) Importer(815301076,1909f56bfc062723c751e8b465ee728b)  -> (artifact id: '666c1e8b7483a091549be8922930bfb7') in 0.004384 seconds
Number of updated asset objects reloaded before import = 0
Number of asset objects unloaded after import = 3
========================================================================
Received Import Request.
  Time since last request: 0.018329 seconds.
  path: Assets/Tiles/tileset-sliced_10.asset
  artifactKey: Guid(0b6b80bebbd32664aa6ed5feda0a068f) Importer(815301076,1909f56bfc062723c751e8b465ee728b)
Start importing Assets/Tiles/tileset-sliced_10.asset using Guid(0b6b80bebbd32664aa6ed5feda0a068f) Importer(815301076,1909f56bfc062723c751e8b465ee728b)  -> (artifact id: '964325f06e3c63531206e0877297934f') in 0.003239 seconds
Number of updated asset objects reloaded before import = 0
Number of asset objects unloaded after import = 3
========================================================================
Received Import Request.
  Time since last request: 0.042416 seconds.
  path: Assets/Tiles/tileset-sliced_12.asset
  artifactKey: Guid(2b52b1a9945e93846a0f2350a91948c1) Importer(815301076,1909f56bfc062723c751e8b465ee728b)
Start importing Assets/Tiles/tileset-sliced_12.asset using Guid(2b52b1a9945e93846a0f2350a91948c1) Importer(815301076,1909f56bfc062723c751e8b465ee728b)  -> (artifact id: 'c2236f5d1cbd80dc4ed468feec3ddb73') in 0.003241 seconds
Number of updated asset objects reloaded before import = 0
Number of asset objects unloaded after import = 3
========================================================================
Received Import Request.
  Time since last request: 0.045045 seconds.
  path: Assets/Tiles/tileset-sliced_14.asset
  artifactKey: Guid(279871b345713b74a99b134f5442b5eb) Importer(815301076,1909f56bfc062723c751e8b465ee728b)
Start importing Assets/Tiles/tileset-sliced_14.asset using Guid(279871b345713b74a99b134f5442b5eb) Importer(815301076,1909f56bfc062723c751e8b465ee728b)  -> (artifact id: '098e6b5c617780df3289cb4fbbb276a4') in 0.003017 seconds
Number of updated asset objects reloaded before import = 0
Number of asset objects unloaded after import = 3
========================================================================
Received Import Request.
  Time since last request: 0.045067 seconds.
  path: Assets/Tiles/tileset-sliced_16.asset
  artifactKey: Guid(a43f420230bbfc64f827907bccebe9e6) Importer(815301076,1909f56bfc062723c751e8b465ee728b)
Start importing Assets/Tiles/tileset-sliced_16.asset using Guid(a43f420230bbfc64f827907bccebe9e6) Importer(815301076,1909f56bfc062723c751e8b465ee728b)  -> (artifact id: 'e0aa89e6072798fd2d222290547b62e5') in 0.002656 seconds
Number of updated asset objects reloaded before import = 0
Number of asset objects unloaded after import = 3
========================================================================
Received Import Request.
  Time since last request: 0.048549 seconds.
  path: Assets/Tiles/tileset-sliced_18.asset
  artifactKey: Guid(cd6c65aebc4da0b45b7b629819873ad3) Importer(815301076,1909f56bfc062723c751e8b465ee728b)
Start importing Assets/Tiles/tileset-sliced_18.asset using Guid(cd6c65aebc4da0b45b7b629819873ad3) Importer(815301076,1909f56bfc062723c751e8b465ee728b)  -> (artifact id: '0a8c5a450baf07d335d83165c594016e') in 0.002646 seconds
Number of updated asset objects reloaded before import = 0
Number of asset objects unloaded after import = 3
========================================================================
Received Import Request.
  Time since last request: 0.048535 seconds.
  path: Assets/Tiles/tileset-sliced_20.asset
  artifactKey: Guid(014bde528a4f6a545b506002a20dcaee) Importer(815301076,1909f56bfc062723c751e8b465ee728b)
Start importing Assets/Tiles/tileset-sliced_20.asset using Guid(014bde528a4f6a545b506002a20dcaee) Importer(815301076,1909f56bfc062723c751e8b465ee728b)  -> (artifact id: '8235e462a296369c0d855961f6291544') in 0.002874 seconds
Number of updated asset objects reloaded before import = 0
Number of asset objects unloaded after import = 3
========================================================================
Received Import Request.
  Time since last request: 0.042583 seconds.
  path: Assets/Tiles/tileset-sliced_22.asset
  artifactKey: Guid(5e457a418fa377244b5c998dbea7593e) Importer(815301076,1909f56bfc062723c751e8b465ee728b)
Start importing Assets/Tiles/tileset-sliced_22.asset using Guid(5e457a418fa377244b5c998dbea7593e) Importer(815301076,1909f56bfc062723c751e8b465ee728b)  -> (artifact id: 'a5e5b2226e0fdad3b219e6f07f25a9a6') in 0.002890 seconds
Number of updated asset objects reloaded before import = 0
Number of asset objects unloaded after import = 3
========================================================================
Received Import Request.
  Time since last request: 0.060378 seconds.
  path: Assets/Tiles/tileset-sliced_24.asset
  artifactKey: Guid(56edbf502b0b29442a4b60f5f098853d) Importer(815301076,1909f56bfc062723c751e8b465ee728b)
Start importing Assets/Tiles/tileset-sliced_24.asset using Guid(56edbf502b0b29442a4b60f5f098853d) Importer(815301076,1909f56bfc062723c751e8b465ee728b)  -> (artifact id: 'f3ca529960a8368cee0fc8e94c353f95') in 0.003038 seconds
Number of updated asset objects reloaded before import = 0
Number of asset objects unloaded after import = 3
========================================================================
Received Import Request.
  Time since last request: 0.037388 seconds.
  path: Assets/Tiles/tileset-sliced_26.asset
  artifactKey: Guid(75207c6947e873d4b950f6de94448c8e) Importer(815301076,1909f56bfc062723c751e8b465ee728b)
Start importing Assets/Tiles/tileset-sliced_26.asset using Guid(75207c6947e873d4b950f6de94448c8e) Importer(815301076,1909f56bfc062723c751e8b465ee728b)  -> (artifact id: 'c127323567dba6cacc85cfa9b82b2d53') in 0.002833 seconds
Number of updated asset objects reloaded before import = 0
Number of asset objects unloaded after import = 3
========================================================================
Received Import Request.
  Time since last request: 0.028350 seconds.
  path: Assets/Tiles/tileset-sliced_28.asset
  artifactKey: Guid(d078ef8fd7d553645823a86f7e2fe371) Importer(815301076,1909f56bfc062723c751e8b465ee728b)
Start importing Assets/Tiles/tileset-sliced_28.asset using Guid(d078ef8fd7d553645823a86f7e2fe371) Importer(815301076,1909f56bfc062723c751e8b465ee728b)  -> (artifact id: 'd081f9afa4d9570cfa5ea17e339b24df') in 0.002768 seconds
Number of updated asset objects reloaded before import = 0
Number of asset objects unloaded after import = 3
========================================================================
Received Import Request.
  Time since last request: 0.034392 seconds.
  path: Assets/Tiles/tileset-sliced_30.asset
  artifactKey: Guid(1276b6d9425f78e44865ff2a21967671) Importer(815301076,1909f56bfc062723c751e8b465ee728b)
Start importing Assets/Tiles/tileset-sliced_30.asset using Guid(1276b6d9425f78e44865ff2a21967671) Importer(815301076,1909f56bfc062723c751e8b465ee728b)  -> (artifact id: 'b07c93ba2218301a853c0d8373f5443b') in 0.002637 seconds
Number of updated asset objects reloaded before import = 0
Number of asset objects unloaded after import = 3
========================================================================
Received Import Request.
  Time since last request: 0.056870 seconds.
  path: Assets/Tiles/tileset-sliced_32.asset
  artifactKey: Guid(3879794afca8aeb468601d41285416e5) Importer(815301076,1909f56bfc062723c751e8b465ee728b)
Start importing Assets/Tiles/tileset-sliced_32.asset using Guid(3879794afca8aeb468601d41285416e5) Importer(815301076,1909f56bfc062723c751e8b465ee728b)  -> (artifact id: '6b2a9559e7a7d3555524d04dc157a974') in 0.002696 seconds
Number of updated asset objects reloaded before import = 0
Number of asset objects unloaded after import = 3
========================================================================
Received Import Request.
  Time since last request: 0.044111 seconds.
  path: Assets/Tiles/tileset-sliced_34.asset
  artifactKey: Guid(218c0620db44c0a41b717ce19e85606c) Importer(815301076,1909f56bfc062723c751e8b465ee728b)
Start importing Assets/Tiles/tileset-sliced_34.asset using Guid(218c0620db44c0a41b717ce19e85606c) Importer(815301076,1909f56bfc062723c751e8b465ee728b)  -> (artifact id: 'd9df6631b7164202bd1f866d8b49cf17') in 0.002626 seconds
Number of updated asset objects reloaded before import = 0
Number of asset objects unloaded after import = 3
========================================================================
Received Import Request.
  Time since last request: 0.048493 seconds.
  path: Assets/Tiles/tileset-sliced_36.asset
  artifactKey: Guid(76526441b054f6648815ea7d46ea8229) Importer(815301076,1909f56bfc062723c751e8b465ee728b)
Start importing Assets/Tiles/tileset-sliced_36.asset using Guid(76526441b054f6648815ea7d46ea8229) Importer(815301076,1909f56bfc062723c751e8b465ee728b)  -> (artifact id: '06f0f7a0e9f0d238e8124fb34468f03f') in 0.002631 seconds
Number of updated asset objects reloaded before import = 0
Number of asset objects unloaded after import = 3
========================================================================
Received Import Request.
  Time since last request: 0.040757 seconds.
  path: Assets/Tiles/tileset-sliced_38.asset
  artifactKey: Guid(f409560c40c9d1b4cb0534f234419e04) Importer(815301076,1909f56bfc062723c751e8b465ee728b)
Start importing Assets/Tiles/tileset-sliced_38.asset using Guid(f409560c40c9d1b4cb0534f234419e04) Importer(815301076,1909f56bfc062723c751e8b465ee728b)  -> (artifact id: '6bb3704b05653604f334ea7c19eda68b') in 0.002633 seconds
Number of updated asset objects reloaded before import = 0
Number of asset objects unloaded after import = 3
========================================================================
Received Import Request.
  Time since last request: 0.079260 seconds.
  path: Assets/Tiles/tileset-sliced_40.asset
  artifactKey: Guid(67f7f4d06551daa47a3f5ac6803665f2) Importer(815301076,1909f56bfc062723c751e8b465ee728b)
Start importing Assets/Tiles/tileset-sliced_40.asset using Guid(67f7f4d06551daa47a3f5ac6803665f2) Importer(815301076,1909f56bfc062723c751e8b465ee728b)  -> (artifact id: 'ca31f6b2f9cf7624d44830066cb04654') in 0.002810 seconds
Number of updated asset objects reloaded before import = 0
Number of asset objects unloaded after import = 3
========================================================================
Received Import Request.
  Time since last request: 0.041120 seconds.
  path: Assets/Tiles/tileset-sliced_42.asset
  artifactKey: Guid(bde6839cb0eb5e3499ae2117746fae8c) Importer(815301076,1909f56bfc062723c751e8b465ee728b)
Start importing Assets/Tiles/tileset-sliced_42.asset using Guid(bde6839cb0eb5e3499ae2117746fae8c) Importer(815301076,1909f56bfc062723c751e8b465ee728b)  -> (artifact id: '0ebf0d127f6241e295a174bd537c90e2') in 0.002578 seconds
Number of updated asset objects reloaded before import = 0
Number of asset objects unloaded after import = 3
========================================================================
Received Import Request.
  Time since last request: 0.052864 seconds.
  path: Assets/Tiles/tileset-sliced_44.asset
  artifactKey: Guid(649b8482ddbd73c49b25a30c178fb639) Importer(815301076,1909f56bfc062723c751e8b465ee728b)
Start importing Assets/Tiles/tileset-sliced_44.asset using Guid(649b8482ddbd73c49b25a30c178fb639) Importer(815301076,1909f56bfc062723c751e8b465ee728b)  -> (artifact id: '8113f0789f20eef13afb0cfa2fe35bd9') in 0.002765 seconds
Number of updated asset objects reloaded before import = 0
Number of asset objects unloaded after import = 3
========================================================================
Received Import Request.
  Time since last request: 0.040121 seconds.
  path: Assets/Tiles/tileset-sliced_46.asset
  artifactKey: Guid(c5ff019f3ce3e6d48a7e08b4bea12df6) Importer(815301076,1909f56bfc062723c751e8b465ee728b)
Start importing Assets/Tiles/tileset-sliced_46.asset using Guid(c5ff019f3ce3e6d48a7e08b4bea12df6) Importer(815301076,1909f56bfc062723c751e8b465ee728b)  -> (artifact id: '1258b13b133d30aa46e7f0ed7c553371') in 0.002839 seconds
Number of updated asset objects reloaded before import = 0
Number of asset objects unloaded after import = 3
========================================================================
Received Import Request.
  Time since last request: 0.059957 seconds.
  path: Assets/Tiles/tileset-sliced_48.asset
  artifactKey: Guid(12f161cedc3ea1747883fc06abde6798) Importer(815301076,1909f56bfc062723c751e8b465ee728b)
Start importing Assets/Tiles/tileset-sliced_48.asset using Guid(12f161cedc3ea1747883fc06abde6798) Importer(815301076,1909f56bfc062723c751e8b465ee728b)  -> (artifact id: 'f25d7fc3f91864e9efef55b5b00abc1e') in 0.002681 seconds
Number of updated asset objects reloaded before import = 0
Number of asset objects unloaded after import = 3
========================================================================
Received Import Request.
  Time since last request: 0.041040 seconds.
  path: Assets/Tiles/tileset-sliced_50.asset
  artifactKey: Guid(3c3678c86a58ea14a9d7eccb977017a1) Importer(815301076,1909f56bfc062723c751e8b465ee728b)
Start importing Assets/Tiles/tileset-sliced_50.asset using Guid(3c3678c86a58ea14a9d7eccb977017a1) Importer(815301076,1909f56bfc062723c751e8b465ee728b)  -> (artifact id: '54e3b06f2815390bf51594e48dffe9c5') in 0.002736 seconds
Number of updated asset objects reloaded before import = 0
Number of asset objects unloaded after import = 3
========================================================================
Received Import Request.
  Time since last request: 0.049950 seconds.
  path: Assets/Tiles/tileset-sliced_52.asset
  artifactKey: Guid(681ef75bbf5dec543b7dff4eb64c5b87) Importer(815301076,1909f56bfc062723c751e8b465ee728b)
Start importing Assets/Tiles/tileset-sliced_52.asset using Guid(681ef75bbf5dec543b7dff4eb64c5b87) Importer(815301076,1909f56bfc062723c751e8b465ee728b)  -> (artifact id: 'c25796a0adedfe30de69d1aa1756a436') in 0.002672 seconds
Number of updated asset objects reloaded before import = 0
Number of asset objects unloaded after import = 3
========================================================================
Received Import Request.
  Time since last request: 0.044375 seconds.
  path: Assets/Tiles/tileset-sliced_54.asset
  artifactKey: Guid(7d55b5ccd9b9d7d40b503fcff301d102) Importer(815301076,1909f56bfc062723c751e8b465ee728b)
Start importing Assets/Tiles/tileset-sliced_54.asset using Guid(7d55b5ccd9b9d7d40b503fcff301d102) Importer(815301076,1909f56bfc062723c751e8b465ee728b)  -> (artifact id: '4bdf09cf0a1d6992958fa57f02fee1ef') in 0.002668 seconds
Number of updated asset objects reloaded before import = 0
Number of asset objects unloaded after import = 3
========================================================================
Received Import Request.
  Time since last request: 0.055264 seconds.
  path: Assets/Tiles/tileset-sliced_56.asset
  artifactKey: Guid(6072569255de9884aaaafbd4cb6b0a53) Importer(815301076,1909f56bfc062723c751e8b465ee728b)
Start importing Assets/Tiles/tileset-sliced_56.asset using Guid(6072569255de9884aaaafbd4cb6b0a53) Importer(815301076,1909f56bfc062723c751e8b465ee728b)  -> (artifact id: '9f4dd6ee396a07730d716146d9eecee6') in 0.002706 seconds
Number of updated asset objects reloaded before import = 0
Number of asset objects unloaded after import = 3
========================================================================
Received Import Request.
  Time since last request: 0.041578 seconds.
  path: Assets/Tiles/tileset-sliced_58.asset
  artifactKey: Guid(788fb1129650d6144b8089abf1d158ba) Importer(815301076,1909f56bfc062723c751e8b465ee728b)
Start importing Assets/Tiles/tileset-sliced_58.asset using Guid(788fb1129650d6144b8089abf1d158ba) Importer(815301076,1909f56bfc062723c751e8b465ee728b)  -> (artifact id: '27bac52ef630b3198aedd998fa975d1d') in 0.002607 seconds
Number of updated asset objects reloaded before import = 0
Number of asset objects unloaded after import = 3
========================================================================
Received Import Request.
  Time since last request: 0.048483 seconds.
  path: Assets/Tiles/tileset-sliced_60.asset
  artifactKey: Guid(d2dd6431d91e3b14cbedc59cca90ab7f) Importer(815301076,1909f56bfc062723c751e8b465ee728b)
Start importing Assets/Tiles/tileset-sliced_60.asset using Guid(d2dd6431d91e3b14cbedc59cca90ab7f) Importer(815301076,1909f56bfc062723c751e8b465ee728b)  -> (artifact id: '50300c4d022594411aa714a3b2722375') in 0.002707 seconds
Number of updated asset objects reloaded before import = 0
Number of asset objects unloaded after import = 3
========================================================================
Received Import Request.
  Time since last request: 0.042285 seconds.
  path: Assets/Tiles/tileset-sliced_62.asset
  artifactKey: Guid(ef51d5180b4dbbe4cbb20a2cc3b89550) Importer(815301076,1909f56bfc062723c751e8b465ee728b)
Start importing Assets/Tiles/tileset-sliced_62.asset using Guid(ef51d5180b4dbbe4cbb20a2cc3b89550) Importer(815301076,1909f56bfc062723c751e8b465ee728b)  -> (artifact id: '5567f2a7060c2d8e3734ef706ef2b3eb') in 0.002688 seconds
Number of updated asset objects reloaded before import = 0
Number of asset objects unloaded after import = 3
========================================================================
Received Import Request.
  Time since last request: 0.055982 seconds.
  path: Assets/Tiles/tileset-sliced_64.asset
  artifactKey: Guid(cf3f7a0f41a739d4e8d91b58b8a9898f) Importer(815301076,1909f56bfc062723c751e8b465ee728b)
Start importing Assets/Tiles/tileset-sliced_64.asset using Guid(cf3f7a0f41a739d4e8d91b58b8a9898f) Importer(815301076,1909f56bfc062723c751e8b465ee728b)  -> (artifact id: '1651ecafbd267277bed63e128fe96456') in 0.002716 seconds
Number of updated asset objects reloaded before import = 0
Number of asset objects unloaded after import = 3
========================================================================
Received Import Request.
  Time since last request: 0.042089 seconds.
  path: Assets/Tiles/tileset-sliced_66.asset
  artifactKey: Guid(78e0667a432152d47b32e630218e0d12) Importer(815301076,1909f56bfc062723c751e8b465ee728b)
Start importing Assets/Tiles/tileset-sliced_66.asset using Guid(78e0667a432152d47b32e630218e0d12) Importer(815301076,1909f56bfc062723c751e8b465ee728b)  -> (artifact id: '2d5f8f5eda996c4ea2054e31a994a65d') in 0.002626 seconds
Number of updated asset objects reloaded before import = 0
Number of asset objects unloaded after import = 3
========================================================================
Received Import Request.
  Time since last request: 0.043208 seconds.
  path: Assets/Tiles/tileset-sliced_68.asset
  artifactKey: Guid(ae74a9900875aea40895696ecd82e4c2) Importer(815301076,1909f56bfc062723c751e8b465ee728b)
Start importing Assets/Tiles/tileset-sliced_68.asset using Guid(ae74a9900875aea40895696ecd82e4c2) Importer(815301076,1909f56bfc062723c751e8b465ee728b)  -> (artifact id: '1d106110c5034f7cee894fe3ae6d5f30') in 0.002579 seconds
Number of updated asset objects reloaded before import = 0
Number of asset objects unloaded after import = 3
========================================================================
Received Import Request.
  Time since last request: 4.148046 seconds.
  path: Assets/Sunnyland/artwork/Environment/middle.png
  artifactKey: Guid(de41d366c687a46beb6a9acaa88c12db) Importer(815301076,1909f56bfc062723c751e8b465ee728b)
Start importing Assets/Sunnyland/artwork/Environment/middle.png using Guid(de41d366c687a46beb6a9acaa88c12db) Importer(815301076,1909f56bfc062723c751e8b465ee728b)  -> (artifact id: 'af1854138c02d33b936354987bd5296a') in 0.014014 seconds
Number of updated asset objects reloaded before import = 0
Number of asset objects unloaded after import = 3
========================================================================
Received Import Request.
  Time since last request: 0.000102 seconds.
  path: Assets/Sunnyland/artwork/Environment/tileset-sliced.png
  artifactKey: Guid(261212b977f594d5dbc48631a5c1295c) Importer(815301076,1909f56bfc062723c751e8b465ee728b)
Start importing Assets/Sunnyland/artwork/Environment/tileset-sliced.png using Guid(261212b977f594d5dbc48631a5c1295c) Importer(815301076,1909f56bfc062723c751e8b465ee728b)  -> (artifact id: '0ec7b842206ee29ce62348335741c273') in 0.148038 seconds
Number of updated asset objects reloaded before import = 0
Number of asset objects unloaded after import = 130
========================================================================
Received Import Request.
  Time since last request: 11.854921 seconds.
  path: Assets/Sunnyland/artwork/Environment/middle.png
  artifactKey: Guid(de41d366c687a46beb6a9acaa88c12db) Importer(815301076,1909f56bfc062723c751e8b465ee728b)
Start importing Assets/Sunnyland/artwork/Environment/middle.png using Guid(de41d366c687a46beb6a9acaa88c12db) Importer(815301076,1909f56bfc062723c751e8b465ee728b)  -> (artifact id: '72a4cf6fe81dd7023a45aac171715465') in 0.004981 seconds
Number of updated asset objects reloaded before import = 0
Number of asset objects unloaded after import = 3
========================================================================
Received Import Request.
  Time since last request: 4.405975 seconds.
  path: Assets/Sunnyland/artwork/Environment/props/bush.png
  artifactKey: Guid(ecc204495234d40f091d828790c56287) Importer(815301076,1909f56bfc062723c751e8b465ee728b)
Start importing Assets/Sunnyland/artwork/Environment/props/bush.png using Guid(ecc204495234d40f091d828790c56287) Importer(815301076,1909f56bfc062723c751e8b465ee728b)  -> (artifact id: '2521873c83c5ec3f9d4b3b78b36f033e') in 0.008985 seconds
Number of updated asset objects reloaded before import = 0
Number of asset objects unloaded after import = 3
========================================================================
Received Import Request.
  Time since last request: 0.000138 seconds.
  path: Assets/Sunnyland/artwork/Environment/props/crate.png
  artifactKey: Guid(794aa25d484d140d89ea9601c122ece0) Importer(815301076,1909f56bfc062723c751e8b465ee728b)
Start importing Assets/Sunnyland/artwork/Environment/props/crate.png using Guid(794aa25d484d140d89ea9601c122ece0) Importer(815301076,1909f56bfc062723c751e8b465ee728b)  -> (artifact id: '914b41ebeb2a83c2e1ffaf945d207f7b') in 0.006452 seconds
Number of updated asset objects reloaded before import = 0
Number of asset objects unloaded after import = 3
========================================================================
Received Import Request.
  Time since last request: 161.707739 seconds.
  path: Assets/Prefabs/power up health.prefab
  artifactKey: Guid(f9d81111b5d04425a8357d2346b9a642) Importer(815301076,1909f56bfc062723c751e8b465ee728b)
Start importing Assets/Prefabs/power up health.prefab using Guid(f9d81111b5d04425a8357d2346b9a642) Importer(815301076,1909f56bfc062723c751e8b465ee728b)  -> (artifact id: '51c2f7dfc7a6271ce6942b508237e774') in 0.021332 seconds
Number of updated asset objects reloaded before import = 0
Number of asset objects unloaded after import = 8
========================================================================
Received Import Request.
  Time since last request: 22.708664 seconds.
  path: Assets/Prefabs/power up flower.prefab
  artifactKey: Guid(bbd8472ab81994630af85c8d2d90c794) Importer(815301076,1909f56bfc062723c751e8b465ee728b)
Start importing Assets/Prefabs/power up flower.prefab using Guid(bbd8472ab81994630af85c8d2d90c794) Importer(815301076,1909f56bfc062723c751e8b465ee728b)  -> (artifact id: 'cbe829d6136828ecf42e46297bea3fa2') in 0.005318 seconds
Number of updated asset objects reloaded before import = 0
Number of asset objects unloaded after import = 9
