Unity Editor version:    2022.3.17f1 (4fc78088f837)
Branch:                  2022.3/staging
Build type:              Release
Batch mode:              YES
macOS version:           Version 14.2.1 (Build 23C71)
Darwin version:          23.2.0
Architecture:            arm64
Running under Rosetta:   NO
Available memory:        16384 MB
Using pre-set license
Pro License: YES

COMMAND LINE ARGUMENTS:
/Applications/Unity/Hub/Editor/2022.3.17f1/Unity.app/Contents/MacOS/Unity
-adb2
-batchMode
-noUpm
-name
AssetImportWorker0
-projectPath
/Users/mac/Desktop/2D-Movement-master/2D Movement
-logFile
Logs/AssetImportWorker0.log
-srvPort
52484
Successfully changed project path to: /Users/mac/Desktop/2D-Movement-master/2D Movement
/Users/mac/Desktop/2D-Movement-master/2D Movement
[UnityMemory] Configuration Parameters - Can be set up in boot.config
    "memorysetup-bucket-allocator-granularity=16"
    "memorysetup-bucket-allocator-bucket-count=8"
    "memorysetup-bucket-allocator-block-size=33554432"
    "memorysetup-bucket-allocator-block-count=8"
    "memorysetup-main-allocator-block-size=16777216"
    "memorysetup-thread-allocator-block-size=16777216"
    "memorysetup-gfx-main-allocator-block-size=16777216"
    "memorysetup-gfx-thread-allocator-block-size=16777216"
    "memorysetup-cache-allocator-block-size=4194304"
    "memorysetup-typetree-allocator-block-size=2097152"
    "memorysetup-profiler-bucket-allocator-granularity=16"
    "memorysetup-profiler-bucket-allocator-bucket-count=8"
    "memorysetup-profiler-bucket-allocator-block-size=33554432"
    "memorysetup-profiler-bucket-allocator-block-count=8"
    "memorysetup-profiler-allocator-block-size=16777216"
    "memorysetup-profiler-editor-allocator-block-size=1048576"
    "memorysetup-temp-allocator-size-main=16777216"
    "memorysetup-job-temp-allocator-block-size=2097152"
    "memorysetup-job-temp-allocator-block-size-background=1048576"
    "memorysetup-job-temp-allocator-reduction-small-platforms=262144"
    "memorysetup-allocator-temp-initial-block-size-main=262144"
    "memorysetup-allocator-temp-initial-block-size-worker=262144"
    "memorysetup-temp-allocator-size-background-worker=32768"
    "memorysetup-temp-allocator-size-job-worker=262144"
    "memorysetup-temp-allocator-size-preload-manager=33554432"
    "memorysetup-temp-allocator-size-nav-mesh-worker=65536"
    "memorysetup-temp-allocator-size-audio-worker=65536"
    "memorysetup-temp-allocator-size-cloud-worker=32768"
    "memorysetup-temp-allocator-size-gi-baking-worker=262144"
    "memorysetup-temp-allocator-size-gfx=262144"
Player connection [7956959232] Host "[IP] 192.169.32.126 [Port] 0 [Flags] 2 [Guid] 221008282 [EditorId] 221008282 [Version] 1048832 [Id] OSXEditor(0,Gi5-1.arc005.sin3.pacific.net.sg) [Debug] 1 [PackageName] OSXEditor [ProjectName] Editor" joined multi-casting on [225.0.0.222:54997]...

Player connection [7956959232] Host "[IP] 192.169.32.126 [Port] 0 [Flags] 2 [Guid] 221008282 [EditorId] 221008282 [Version] 1048832 [Id] OSXEditor(0,Gi5-1.arc005.sin3.pacific.net.sg) [Debug] 1 [PackageName] OSXEditor [ProjectName] Editor" joined alternative multi-casting on [225.0.0.222:34997]...

[Physics::Module] Initialized MultithreadedJobDispatcher with 7 workers.
Refreshing native plugins compatible for Editor in 14.37 ms, found 2 plugins.
Preloading 0 native plugins for Editor in 0.00 ms.
Initialize engine version: 2022.3.17f1 (4fc78088f837)
[Subsystems] Discovering subsystems at path /Applications/Unity/Hub/Editor/2022.3.17f1/Unity.app/Contents/Resources/UnitySubsystems
[Subsystems] Discovering subsystems at path /Users/mac/Desktop/2D-Movement-master/2D Movement/Assets
GfxDevice: creating device client; threaded=0; jobified=0
 preferred device: Apple M1 (high power)
Metal devices available: 1
0: Apple M1 (high power)
Using device Apple M1 (high power)
Initializing Metal device caps: Apple M1
Initialize mono
Mono path[0] = '/Applications/Unity/Hub/Editor/2022.3.17f1/Unity.app/Contents/Managed'
Mono path[1] = '/Applications/Unity/Hub/Editor/2022.3.17f1/Unity.app/Contents/MonoBleedingEdge/lib/mono/unityjit-macos'
Mono config path = '/Applications/Unity/Hub/Editor/2022.3.17f1/Unity.app/Contents/MonoBleedingEdge/etc'
Using monoOptions --debugger-agent=transport=dt_socket,embedding=1,server=y,suspend=n,address=127.0.0.1:56670
Begin MonoManager ReloadAssembly
Registering precompiled unity dll's ...
Register platform support module: /Applications/Unity/Hub/Editor/2022.3.17f1/PlaybackEngines/WebGLSupport/UnityEditor.WebGL.Extensions.dll
Register platform support module: /Applications/Unity/Hub/Editor/2022.3.17f1/Unity.app/Contents/PlaybackEngines/MacStandaloneSupport/UnityEditor.OSXStandalone.Extensions.dll
Registered in 0.000968 seconds.
- Loaded All Assemblies, in  0.247 seconds
Native extension for OSXStandalone target not found
Native extension for WebGL target not found
Mono: successfully reloaded assembly
- Finished resetting the current domain, in  0.168 seconds
Domain Reload Profiling: 415ms
	BeginReloadAssembly (82ms)
		ExecutionOrderSort (0ms)
		DisableScriptedObjects (0ms)
		BackupInstance (0ms)
		ReleaseScriptingObjects (0ms)
		CreateAndSetChildDomain (0ms)
	RebuildCommonClasses (25ms)
	RebuildNativeTypeToScriptingClass (8ms)
	initialDomainReloadingComplete (29ms)
	LoadAllAssembliesAndSetupDomain (103ms)
		LoadAssemblies (81ms)
		RebuildTransferFunctionScriptingTraits (0ms)
		AnalyzeDomain (102ms)
			TypeCache.Refresh (101ms)
				TypeCache.ScanAssembly (90ms)
			ScanForSourceGeneratedMonoScriptInfo (0ms)
			ResolveRequiredComponents (0ms)
	FinalizeReload (168ms)
		ReleaseScriptCaches (0ms)
		RebuildScriptCaches (0ms)
		SetupLoadedEditorAssemblies (125ms)
			LogAssemblyErrors (0ms)
			InitializePlatformSupportModulesInManaged (5ms)
			SetLoadedEditorAssemblies (4ms)
			RefreshPlugins (0ms)
			BeforeProcessingInitializeOnLoad (1ms)
			ProcessInitializeOnLoadAttributes (88ms)
			ProcessInitializeOnLoadMethodAttributes (28ms)
			AfterProcessingInitializeOnLoad (0ms)
			EditorAssembliesLoaded (0ms)
		ExecutionOrderSort2 (0ms)
		AwakeInstancesAfterBackupRestoration (0ms)
========================================================================
Worker process is ready to serve import requests
Begin MonoManager ReloadAssembly
Symbol file LoadedFromMemory is not a mono symbol file
- Loaded All Assemblies, in  0.366 seconds
Refreshing native plugins compatible for Editor in 1.72 ms, found 2 plugins.
Native extension for OSXStandalone target not found
Native extension for WebGL target not found
Package Manager log level set to [2]
[Package Manager] Server::EnsureServerProcessIsRunning -- launch failed, reason: Unity was launched with the -noUpm command-line argument
[Package Manager] UpmClient::Send -- Unable to send message (not connected to UPM process).
[Package Manager] Cannot connect to Unity Package Manager local server
Mono: successfully reloaded assembly
- Finished resetting the current domain, in  0.430 seconds
Domain Reload Profiling: 796ms
	BeginReloadAssembly (69ms)
		ExecutionOrderSort (0ms)
		DisableScriptedObjects (3ms)
		BackupInstance (0ms)
		ReleaseScriptingObjects (0ms)
		CreateAndSetChildDomain (11ms)
	RebuildCommonClasses (25ms)
	RebuildNativeTypeToScriptingClass (8ms)
	initialDomainReloadingComplete (24ms)
	LoadAllAssembliesAndSetupDomain (240ms)
		LoadAssemblies (183ms)
		RebuildTransferFunctionScriptingTraits (0ms)
		AnalyzeDomain (89ms)
			TypeCache.Refresh (77ms)
				TypeCache.ScanAssembly (64ms)
			ScanForSourceGeneratedMonoScriptInfo (9ms)
			ResolveRequiredComponents (2ms)
	FinalizeReload (430ms)
		ReleaseScriptCaches (0ms)
		RebuildScriptCaches (0ms)
		SetupLoadedEditorAssemblies (328ms)
			LogAssemblyErrors (0ms)
			InitializePlatformSupportModulesInManaged (3ms)
			SetLoadedEditorAssemblies (2ms)
			RefreshPlugins (0ms)
			BeforeProcessingInitializeOnLoad (32ms)
			ProcessInitializeOnLoadAttributes (187ms)
			ProcessInitializeOnLoadMethodAttributes (103ms)
			AfterProcessingInitializeOnLoad (1ms)
			EditorAssembliesLoaded (0ms)
		ExecutionOrderSort2 (0ms)
		AwakeInstancesAfterBackupRestoration (3ms)
Launching external process: /Applications/Unity/Hub/Editor/2022.3.17f1/Unity.app/Contents/Tools/UnityShaderCompiler
Launched and connected shader compiler UnityShaderCompiler after 0.05 seconds
Refreshing native plugins compatible for Editor in 1.68 ms, found 2 plugins.
Preloading 0 native plugins for Editor in 0.00 ms.
Unloading 2525 Unused Serialized files (Serialized files now loaded: 0)
Unloading 61 unused Assets / (63.3 KB). Loaded Objects now: 2966.
Memory consumption went from 116.1 MB to 116.1 MB.
Total: 5.570084 ms (FindLiveObjects: 0.093708 ms CreateObjectMapping: 0.032834 ms MarkObjects: 5.324292 ms  DeleteObjects: 0.118625 ms)

AssetImportParameters requested are different than current active one (requested -> active):
  custom:video-decoder-webm-vp8: 9c59270c3fd7afecdb556c50c9e8de78 -> 
  custom:SearchIndexIgnoredProperties: e643bd26f0fe6173181afceb89e7c659 -> 
  custom:container-demuxer-ogg: 62fdf1f143b41e24485cea50d1cbac27 -> 
  custom:AudioImporter_EditorPlatform: 3918e3fc78b5a79bad01e8451be0beb8 -> 
  custom:video-decoder-ogg-theora: a1e56fd34408186e4bbccfd4996cb3dc -> 
  custom:framework-osx-AVFoundation: e770b220cccbd017edd2c1fefb359320 -> 
  custom:video-encoder-webm-vp8: eb34c28f22e8b96e1ab97ce403110664 -> 
  custom:audio-decoder-ogg-vorbis: bf7c407c2cedff20999df2af8eb42d56 -> 
  custom:CustomObjectIndexerAttribute: 6d391050e5a25f67b0a2c618074f2cd9 -> 
  custom:container-demuxer-webm: 4f35f7cbe854078d1ac9338744f61a02 -> 
  custom:audio-encoder-webm-vorbis: bf7c407c2cedff20999df2af8eb42d56 -> 
  custom:container-muxer-webm: aa71ff27fc2769a1b78a27578f13a17b -> 
========================================================================
Received Import Request.
  Time since last request: 293644.505390 seconds.
  path: Assets/Tiles/tileset-sliced_3.asset
  artifactKey: Guid(f70a2485d6b448c4c8a917978f0b3b39) Importer(815301076,1909f56bfc062723c751e8b465ee728b)
Start importing Assets/Tiles/tileset-sliced_3.asset using Guid(f70a2485d6b448c4c8a917978f0b3b39) Importer(815301076,1909f56bfc062723c751e8b465ee728b)  -> (artifact id: '8dab52da78aef5bf97202e7c9a0e7565') in 0.075683 seconds
Number of updated asset objects reloaded before import = 0
Number of asset objects unloaded after import = 3
========================================================================
Received Import Request.
  Time since last request: 0.391918 seconds.
  path: Assets/Palettes/Platform Palette.prefab
  artifactKey: Guid(94f7bd47609714a42a882b92637f9ca1) Importer(815301076,1909f56bfc062723c751e8b465ee728b)
Start importing Assets/Palettes/Platform Palette.prefab using Guid(94f7bd47609714a42a882b92637f9ca1) Importer(815301076,1909f56bfc062723c751e8b465ee728b)  -> (artifact id: '5d7230bd324fcfada91329b87820cea0') in 0.059180 seconds
Number of updated asset objects reloaded before import = 0
Number of asset objects unloaded after import = 267
========================================================================
Received Import Request.
  Time since last request: 5.335344 seconds.
  path: Assets/Sunnyland/artwork
  artifactKey: Guid(2f17d1e6a207e4d8eb72bd03b1b645ac) Importer(815301076,1909f56bfc062723c751e8b465ee728b)
Start importing Assets/Sunnyland/artwork using Guid(2f17d1e6a207e4d8eb72bd03b1b645ac) Importer(815301076,1909f56bfc062723c751e8b465ee728b)  -> (artifact id: '5b9786ee980f7776689a2d9a7396078e') in 0.000566 seconds
Number of updated asset objects reloaded before import = 0
Number of asset objects unloaded after import = 0
========================================================================
Received Import Request.
  Time since last request: 1.795323 seconds.
  path: Assets/Sunnyland/artwork/Sprites
  artifactKey: Guid(b6238935cfd4648cf866141c0ee28c85) Importer(815301076,1909f56bfc062723c751e8b465ee728b)
Start importing Assets/Sunnyland/artwork/Sprites using Guid(b6238935cfd4648cf866141c0ee28c85) Importer(815301076,1909f56bfc062723c751e8b465ee728b)  -> (artifact id: 'c03905c5c1f8cd4753b045e4db0090a2') in 0.000384 seconds
Number of updated asset objects reloaded before import = 0
Number of asset objects unloaded after import = 0
========================================================================
Received Import Request.
  Time since last request: 2.688360 seconds.
  path: Assets/Sunnyland/artwork/Sprites/player
  artifactKey: Guid(c38f07c49aff74810b5ee46bc2a90197) Importer(815301076,1909f56bfc062723c751e8b465ee728b)
Start importing Assets/Sunnyland/artwork/Sprites/player using Guid(c38f07c49aff74810b5ee46bc2a90197) Importer(815301076,1909f56bfc062723c751e8b465ee728b)  -> (artifact id: '425bc8a55dbb2d815437dc1d25aba2da') in 0.000420 seconds
Number of updated asset objects reloaded before import = 0
Number of asset objects unloaded after import = 0
========================================================================
Received Import Request.
  Time since last request: 3.225218 seconds.
  path: Assets/Sunnyland/artwork/Sprites/player/crouch
  artifactKey: Guid(4c9ebeabb610844eb88fb92140ac4cb7) Importer(815301076,1909f56bfc062723c751e8b465ee728b)
Start importing Assets/Sunnyland/artwork/Sprites/player/crouch using Guid(4c9ebeabb610844eb88fb92140ac4cb7) Importer(815301076,1909f56bfc062723c751e8b465ee728b)  -> (artifact id: '0d3107ef1ff2c20684fae312d9ff867d') in 0.000545 seconds
Number of updated asset objects reloaded before import = 0
Number of asset objects unloaded after import = 0
========================================================================
Received Import Request.
  Time since last request: 0.074460 seconds.
  path: Assets/Sunnyland/artwork/Sprites/player/crouch/player-crouch-1.png
  artifactKey: Guid(9878b6f1290ef41e88b30f08f68537fd) Importer(815301076,1909f56bfc062723c751e8b465ee728b)
Start importing Assets/Sunnyland/artwork/Sprites/player/crouch/player-crouch-1.png using Guid(9878b6f1290ef41e88b30f08f68537fd) Importer(815301076,1909f56bfc062723c751e8b465ee728b)  -> (artifact id: '7a666027e504c5d401f2b5cd60121a01') in 0.019301 seconds
Number of updated asset objects reloaded before import = 0
Number of asset objects unloaded after import = 3
========================================================================
Received Import Request.
  Time since last request: 13.899423 seconds.
  path: Assets/Sunnyland/artwork/Sprites/player/crouch/player-crouch-2.png
  artifactKey: Guid(448d57c5e4c694686badaba281a6adff) Importer(815301076,1909f56bfc062723c751e8b465ee728b)
Start importing Assets/Sunnyland/artwork/Sprites/player/crouch/player-crouch-2.png using Guid(448d57c5e4c694686badaba281a6adff) Importer(815301076,1909f56bfc062723c751e8b465ee728b)  -> (artifact id: '05f8bce1ec1ddf1b724459b51e9ab97d') in 0.005700 seconds
Number of updated asset objects reloaded before import = 0
Number of asset objects unloaded after import = 3
========================================================================
Received Import Request.
  Time since last request: 0.004660 seconds.
  path: Assets/Sunnyland/artwork/Sprites/player/crouch/player-crouch-1.png
  artifactKey: Guid(9878b6f1290ef41e88b30f08f68537fd) Importer(815301076,1909f56bfc062723c751e8b465ee728b)
Start importing Assets/Sunnyland/artwork/Sprites/player/crouch/player-crouch-1.png using Guid(9878b6f1290ef41e88b30f08f68537fd) Importer(815301076,1909f56bfc062723c751e8b465ee728b)  -> (artifact id: '15c5498da6c81b0c9782fc265a1f1c83') in 0.004029 seconds
Number of updated asset objects reloaded before import = 0
Number of asset objects unloaded after import = 3
========================================================================
Received Import Request.
  Time since last request: 9.843452 seconds.
  path: Assets/Sunnyland/artwork/Sprites/player/climb/player-climb-1.png
  artifactKey: Guid(be30195fa34cc45258a6ab7011cb297b) Importer(815301076,1909f56bfc062723c751e8b465ee728b)
Start importing Assets/Sunnyland/artwork/Sprites/player/climb/player-climb-1.png using Guid(be30195fa34cc45258a6ab7011cb297b) Importer(815301076,1909f56bfc062723c751e8b465ee728b)  -> (artifact id: 'd5768c052d5a86c60d2c054d6c487066') in 0.009685 seconds
Number of updated asset objects reloaded before import = 0
Number of asset objects unloaded after import = 3
========================================================================
Received Import Request.
  Time since last request: 7.216565 seconds.
  path: Assets/Sunnyland/artwork/Sprites/player/idle/player-idle-1.png
  artifactKey: Guid(72de0c64f2c6a498096698322c976a67) Importer(815301076,1909f56bfc062723c751e8b465ee728b)
Start importing Assets/Sunnyland/artwork/Sprites/player/idle/player-idle-1.png using Guid(72de0c64f2c6a498096698322c976a67) Importer(815301076,1909f56bfc062723c751e8b465ee728b)  -> (artifact id: '7ceecf6bf1b4584d3427e4b70f907911') in 0.011039 seconds
Number of updated asset objects reloaded before import = 0
Number of asset objects unloaded after import = 3
========================================================================
Received Import Request.
  Time since last request: 0.000062 seconds.
  path: Assets/Sunnyland/artwork/Sprites/player/idle/player-idle-3.png
  artifactKey: Guid(077f0469c420a4365bc67943783293df) Importer(815301076,1909f56bfc062723c751e8b465ee728b)
Start importing Assets/Sunnyland/artwork/Sprites/player/idle/player-idle-3.png using Guid(077f0469c420a4365bc67943783293df) Importer(815301076,1909f56bfc062723c751e8b465ee728b)  -> (artifact id: '35bb6dc8ddceb7c04807d4e5576ec2f2') in 0.007176 seconds
Number of updated asset objects reloaded before import = 0
Number of asset objects unloaded after import = 3
========================================================================
Received Import Request.
  Time since last request: 8.509118 seconds.
  path: Assets/Sunnyland/artwork/Sprites/player/idle/player-idle-2.png
  artifactKey: Guid(c8a742c1f2ebb43b9afe34a47304c051) Importer(815301076,1909f56bfc062723c751e8b465ee728b)
Start importing Assets/Sunnyland/artwork/Sprites/player/idle/player-idle-2.png using Guid(c8a742c1f2ebb43b9afe34a47304c051) Importer(815301076,1909f56bfc062723c751e8b465ee728b)  -> (artifact id: '2af6169b16ca14e71cc63a426cdc53c9') in 0.004709 seconds
Number of updated asset objects reloaded before import = 0
Number of asset objects unloaded after import = 3
========================================================================
Received Import Request.
  Time since last request: 0.006652 seconds.
  path: Assets/Sunnyland/artwork/Sprites/player/idle/player-idle-1.png
  artifactKey: Guid(72de0c64f2c6a498096698322c976a67) Importer(815301076,1909f56bfc062723c751e8b465ee728b)
Start importing Assets/Sunnyland/artwork/Sprites/player/idle/player-idle-1.png using Guid(72de0c64f2c6a498096698322c976a67) Importer(815301076,1909f56bfc062723c751e8b465ee728b)  -> (artifact id: 'cd7df084d207bb354aa94b8335f33418') in 0.004724 seconds
Number of updated asset objects reloaded before import = 0
Number of asset objects unloaded after import = 3
========================================================================
Received Import Request.
  Time since last request: 0.000035 seconds.
  path: Assets/Sunnyland/artwork/Sprites/player/idle/player-idle-4.png
  artifactKey: Guid(8bc3c2c2a565342aab778fd8e874313a) Importer(815301076,1909f56bfc062723c751e8b465ee728b)
Start importing Assets/Sunnyland/artwork/Sprites/player/idle/player-idle-4.png using Guid(8bc3c2c2a565342aab778fd8e874313a) Importer(815301076,1909f56bfc062723c751e8b465ee728b)  -> (artifact id: '00cf6664ac71931d6c9628e91c75d026') in 0.003673 seconds
Number of updated asset objects reloaded before import = 0
Number of asset objects unloaded after import = 3
========================================================================
Received Import Request.
  Time since last request: 4.434577 seconds.
  path: Assets/Sunnyland/artwork/Sprites/player/jump/player-jump-1.png
  artifactKey: Guid(e2976d09b53264ffbbb9210a1ae1dcc0) Importer(815301076,1909f56bfc062723c751e8b465ee728b)
Start importing Assets/Sunnyland/artwork/Sprites/player/jump/player-jump-1.png using Guid(e2976d09b53264ffbbb9210a1ae1dcc0) Importer(815301076,1909f56bfc062723c751e8b465ee728b)  -> (artifact id: '4bd969cd3bf2a8a9949194c5b85c1d9c') in 0.009767 seconds
Number of updated asset objects reloaded before import = 0
Number of asset objects unloaded after import = 3
========================================================================
Received Import Request.
  Time since last request: 7.061537 seconds.
  path: Assets/Sunnyland/artwork/Sprites/player/jump/player-jump-2.png
  artifactKey: Guid(598fb1767626f42e992bb9c2769d86ea) Importer(815301076,1909f56bfc062723c751e8b465ee728b)
Start importing Assets/Sunnyland/artwork/Sprites/player/jump/player-jump-2.png using Guid(598fb1767626f42e992bb9c2769d86ea) Importer(815301076,1909f56bfc062723c751e8b465ee728b)  -> (artifact id: '8415b38ba13e31dcf3f7aabb7d9909be') in 0.005893 seconds
Number of updated asset objects reloaded before import = 0
Number of asset objects unloaded after import = 3
========================================================================
Received Import Request.
  Time since last request: 0.003671 seconds.
  path: Assets/Sunnyland/artwork/Sprites/player/jump/player-jump-1.png
  artifactKey: Guid(e2976d09b53264ffbbb9210a1ae1dcc0) Importer(815301076,1909f56bfc062723c751e8b465ee728b)
Start importing Assets/Sunnyland/artwork/Sprites/player/jump/player-jump-1.png using Guid(e2976d09b53264ffbbb9210a1ae1dcc0) Importer(815301076,1909f56bfc062723c751e8b465ee728b)  -> (artifact id: '9308daff4994bcba1786c93fbc450112') in 0.004043 seconds
Number of updated asset objects reloaded before import = 0
Number of asset objects unloaded after import = 3
========================================================================
Received Import Request.
  Time since last request: 1.401953 seconds.
  path: Assets/Sunnyland/artwork/Sprites/player/run/player-run-1.png
  artifactKey: Guid(8afd73b29f8e34c70b0db80184b8cc7f) Importer(815301076,1909f56bfc062723c751e8b465ee728b)
Start importing Assets/Sunnyland/artwork/Sprites/player/run/player-run-1.png using Guid(8afd73b29f8e34c70b0db80184b8cc7f) Importer(815301076,1909f56bfc062723c751e8b465ee728b)  -> (artifact id: '8d32052df44c75a7227d94fc9b125cfe') in 0.010401 seconds
Number of updated asset objects reloaded before import = 0
Number of asset objects unloaded after import = 3
========================================================================
Received Import Request.
  Time since last request: 0.000174 seconds.
  path: Assets/Sunnyland/artwork/Sprites/player/run/player-run-5.png
  artifactKey: Guid(f58cc0961cc9146ca9780a0cb1327e5d) Importer(815301076,1909f56bfc062723c751e8b465ee728b)
Start importing Assets/Sunnyland/artwork/Sprites/player/run/player-run-5.png using Guid(f58cc0961cc9146ca9780a0cb1327e5d) Importer(815301076,1909f56bfc062723c751e8b465ee728b)  -> (artifact id: 'edfdc6f3fad76d7b4fee5558e22924e8') in 0.006774 seconds
Number of updated asset objects reloaded before import = 0
Number of asset objects unloaded after import = 3
========================================================================
Received Import Request.
  Time since last request: 0.000178 seconds.
  path: Assets/Sunnyland/artwork/Sprites/player/run/player-run-4.png
  artifactKey: Guid(bc3fcf1d561104bea933686de6bade4b) Importer(815301076,1909f56bfc062723c751e8b465ee728b)
Start importing Assets/Sunnyland/artwork/Sprites/player/run/player-run-4.png using Guid(bc3fcf1d561104bea933686de6bade4b) Importer(815301076,1909f56bfc062723c751e8b465ee728b)  -> (artifact id: '6824c782f71f7487bf60419a1a3900cd') in 0.006312 seconds
Number of updated asset objects reloaded before import = 0
Number of asset objects unloaded after import = 3
========================================================================
Received Import Request.
  Time since last request: 8.269920 seconds.
  path: Assets/Sunnyland/artwork/Sprites/player/run/player-run-1.png
  artifactKey: Guid(8afd73b29f8e34c70b0db80184b8cc7f) Importer(815301076,1909f56bfc062723c751e8b465ee728b)
Start importing Assets/Sunnyland/artwork/Sprites/player/run/player-run-1.png using Guid(8afd73b29f8e34c70b0db80184b8cc7f) Importer(815301076,1909f56bfc062723c751e8b465ee728b)  -> (artifact id: 'c64e5fada75ba6b9d98365b71de2e186') in 0.005542 seconds
Number of updated asset objects reloaded before import = 0
Number of asset objects unloaded after import = 3
========================================================================
Received Import Request.
  Time since last request: 0.004350 seconds.
  path: Assets/Sunnyland/artwork/Sprites/player/run/player-run-2.png
  artifactKey: Guid(d094cf6ac3d8a4d0bbbef5d6d6ad3eed) Importer(815301076,1909f56bfc062723c751e8b465ee728b)
Start importing Assets/Sunnyland/artwork/Sprites/player/run/player-run-2.png using Guid(d094cf6ac3d8a4d0bbbef5d6d6ad3eed) Importer(815301076,1909f56bfc062723c751e8b465ee728b)  -> (artifact id: 'a82582d07d9d410a95c0e6455982e0af') in 0.004345 seconds
Number of updated asset objects reloaded before import = 0
Number of asset objects unloaded after import = 3
========================================================================
Received Import Request.
  Time since last request: 5.873532 seconds.
  path: Assets/Sunnyland/artwork/Sprites/Items/cherry/cherry-1.png
  artifactKey: Guid(bdce2a9cb3d0242958c2593a3b8d8742) Importer(815301076,1909f56bfc062723c751e8b465ee728b)
Start importing Assets/Sunnyland/artwork/Sprites/Items/cherry/cherry-1.png using Guid(bdce2a9cb3d0242958c2593a3b8d8742) Importer(815301076,1909f56bfc062723c751e8b465ee728b)  -> (artifact id: 'aa39c2d3e43d127d3d0fca66fce4cb61') in 0.010485 seconds
Number of updated asset objects reloaded before import = 0
Number of asset objects unloaded after import = 3
========================================================================
Received Import Request.
  Time since last request: 0.000338 seconds.
  path: Assets/Sunnyland/artwork/Sprites/Items/cherry/cherry-7.png
  artifactKey: Guid(056b6a3f6e14d4af2a7d641c4dd44e79) Importer(815301076,1909f56bfc062723c751e8b465ee728b)
Start importing Assets/Sunnyland/artwork/Sprites/Items/cherry/cherry-7.png using Guid(056b6a3f6e14d4af2a7d641c4dd44e79) Importer(815301076,1909f56bfc062723c751e8b465ee728b)  -> (artifact id: '0567a0fa70dae678514510435bb4928e') in 0.007651 seconds
Number of updated asset objects reloaded before import = 0
Number of asset objects unloaded after import = 3
========================================================================
Received Import Request.
  Time since last request: 0.000180 seconds.
  path: Assets/Sunnyland/artwork/Sprites/Items/cherry/cherry-4.png
  artifactKey: Guid(4f3dc6ccaf04b4061a059006d96715f1) Importer(815301076,1909f56bfc062723c751e8b465ee728b)
Start importing Assets/Sunnyland/artwork/Sprites/Items/cherry/cherry-4.png using Guid(4f3dc6ccaf04b4061a059006d96715f1) Importer(815301076,1909f56bfc062723c751e8b465ee728b)  -> (artifact id: '9f0fef4e74d47a6b3ffea5c8b1de5fc1') in 0.006050 seconds
Number of updated asset objects reloaded before import = 0
Number of asset objects unloaded after import = 3
========================================================================
Received Import Request.
  Time since last request: 0.000125 seconds.
  path: Assets/Sunnyland/artwork/Sprites/Items/cherry/cherry-6.png
  artifactKey: Guid(4f35b6058a719446ba48dc4dc2704635) Importer(815301076,1909f56bfc062723c751e8b465ee728b)
Start importing Assets/Sunnyland/artwork/Sprites/Items/cherry/cherry-6.png using Guid(4f35b6058a719446ba48dc4dc2704635) Importer(815301076,1909f56bfc062723c751e8b465ee728b)  -> (artifact id: '6a5b6d7c8d49e27161b3f5e9b48f6032') in 0.005386 seconds
Number of updated asset objects reloaded before import = 0
Number of asset objects unloaded after import = 3
========================================================================
Received Import Request.
  Time since last request: 0.612011 seconds.
  path: Assets/Sunnyland/artwork/Sprites/Items/gem/gem-1.png
  artifactKey: Guid(bd59bf2e866ed4529ae645637eb9c11d) Importer(815301076,1909f56bfc062723c751e8b465ee728b)
Start importing Assets/Sunnyland/artwork/Sprites/Items/gem/gem-1.png using Guid(bd59bf2e866ed4529ae645637eb9c11d) Importer(815301076,1909f56bfc062723c751e8b465ee728b)  -> (artifact id: '0343c8421db269eee65e7ffe9dd2ccb5') in 0.009623 seconds
Number of updated asset objects reloaded before import = 0
Number of asset objects unloaded after import = 3
========================================================================
Received Import Request.
  Time since last request: 0.000141 seconds.
  path: Assets/Sunnyland/artwork/Sprites/Items/gem/gem-3.png
  artifactKey: Guid(de20f767e3f3f4aff870112daa2b2562) Importer(815301076,1909f56bfc062723c751e8b465ee728b)
Start importing Assets/Sunnyland/artwork/Sprites/Items/gem/gem-3.png using Guid(de20f767e3f3f4aff870112daa2b2562) Importer(815301076,1909f56bfc062723c751e8b465ee728b)  -> (artifact id: 'a1771a7e0a03326d4722c9ddbb75c988') in 0.007309 seconds
Number of updated asset objects reloaded before import = 0
Number of asset objects unloaded after import = 3
========================================================================
Received Import Request.
  Time since last request: 10.391469 seconds.
  path: Assets/Sunnyland/artwork/Sprites/Items/cherry/cherry-2.png
  artifactKey: Guid(8582e97fa62334fbd8bd10c1052e27b8) Importer(815301076,1909f56bfc062723c751e8b465ee728b)
Start importing Assets/Sunnyland/artwork/Sprites/Items/cherry/cherry-2.png using Guid(8582e97fa62334fbd8bd10c1052e27b8) Importer(815301076,1909f56bfc062723c751e8b465ee728b)  -> (artifact id: '8b4301105798c3b7f75e121c4c6d55fa') in 0.004945 seconds
Number of updated asset objects reloaded before import = 0
Number of asset objects unloaded after import = 3
========================================================================
Received Import Request.
  Time since last request: 0.007307 seconds.
  path: Assets/Sunnyland/artwork/Sprites/Items/cherry/cherry-5.png
  artifactKey: Guid(273ba8fade558457eb836eefe69bba7f) Importer(815301076,1909f56bfc062723c751e8b465ee728b)
Start importing Assets/Sunnyland/artwork/Sprites/Items/cherry/cherry-5.png using Guid(273ba8fade558457eb836eefe69bba7f) Importer(815301076,1909f56bfc062723c751e8b465ee728b)  -> (artifact id: '5184cad51d170a6a96385bd3bc36e3ab') in 0.004538 seconds
Number of updated asset objects reloaded before import = 0
Number of asset objects unloaded after import = 3
========================================================================
Received Import Request.
  Time since last request: 0.000083 seconds.
  path: Assets/Sunnyland/artwork/Sprites/Items/cherry/cherry-7.png
  artifactKey: Guid(056b6a3f6e14d4af2a7d641c4dd44e79) Importer(815301076,1909f56bfc062723c751e8b465ee728b)
Start importing Assets/Sunnyland/artwork/Sprites/Items/cherry/cherry-7.png using Guid(056b6a3f6e14d4af2a7d641c4dd44e79) Importer(815301076,1909f56bfc062723c751e8b465ee728b)  -> (artifact id: '17fb8ec68aa0c2e658c3c5be7efffed9') in 0.003989 seconds
Number of updated asset objects reloaded before import = 0
Number of asset objects unloaded after import = 3
========================================================================
Received Import Request.
  Time since last request: 7.288571 seconds.
  path: Assets/Sunnyland/artwork/Sprites/Items/gem/gem-3.png
  artifactKey: Guid(de20f767e3f3f4aff870112daa2b2562) Importer(815301076,1909f56bfc062723c751e8b465ee728b)
Start importing Assets/Sunnyland/artwork/Sprites/Items/gem/gem-3.png using Guid(de20f767e3f3f4aff870112daa2b2562) Importer(815301076,1909f56bfc062723c751e8b465ee728b)  -> (artifact id: 'e0683e991c53894c77aa6047b3dfbded') in 0.005611 seconds
Number of updated asset objects reloaded before import = 0
Number of asset objects unloaded after import = 3
========================================================================
Received Import Request.
  Time since last request: 0.004657 seconds.
  path: Assets/Sunnyland/artwork/Sprites/Items/gem/gem-4.png
  artifactKey: Guid(5f35659c40d6a435fade670c478a52b1) Importer(815301076,1909f56bfc062723c751e8b465ee728b)
Start importing Assets/Sunnyland/artwork/Sprites/Items/gem/gem-4.png using Guid(5f35659c40d6a435fade670c478a52b1) Importer(815301076,1909f56bfc062723c751e8b465ee728b)  -> (artifact id: 'e4f5c11b9a847572341035bae2836ed6') in 0.004648 seconds
Number of updated asset objects reloaded before import = 0
Number of asset objects unloaded after import = 3
========================================================================
Received Import Request.
  Time since last request: 3.910178 seconds.
  path: Assets/Sunnyland/artwork/Environment/props/block-big.png
  artifactKey: Guid(5bccf13ce09bd43e39c1c3416d5de92c) Importer(815301076,1909f56bfc062723c751e8b465ee728b)
Start importing Assets/Sunnyland/artwork/Environment/props/block-big.png using Guid(5bccf13ce09bd43e39c1c3416d5de92c) Importer(815301076,1909f56bfc062723c751e8b465ee728b)  -> (artifact id: 'b3f41bf018e8b4a18d65ce6f773458b2') in 0.009951 seconds
Number of updated asset objects reloaded before import = 0
Number of asset objects unloaded after import = 3
========================================================================
Received Import Request.
  Time since last request: 0.000145 seconds.
  path: Assets/Sunnyland/artwork/Environment/props/crate.png
  artifactKey: Guid(794aa25d484d140d89ea9601c122ece0) Importer(815301076,1909f56bfc062723c751e8b465ee728b)
Start importing Assets/Sunnyland/artwork/Environment/props/crate.png using Guid(794aa25d484d140d89ea9601c122ece0) Importer(815301076,1909f56bfc062723c751e8b465ee728b)  -> (artifact id: 'c48eca9431ab8fc49facd426d99f29dd') in 0.007437 seconds
Number of updated asset objects reloaded before import = 0
Number of asset objects unloaded after import = 3
========================================================================
Received Import Request.
  Time since last request: 0.000109 seconds.
  path: Assets/Sunnyland/artwork/Environment/props/face-block.png
  artifactKey: Guid(f34e83b5f0fe1432cb87276148dc6341) Importer(815301076,1909f56bfc062723c751e8b465ee728b)
Start importing Assets/Sunnyland/artwork/Environment/props/face-block.png using Guid(f34e83b5f0fe1432cb87276148dc6341) Importer(815301076,1909f56bfc062723c751e8b465ee728b)  -> (artifact id: '3eabec0fab31d8a30a4b2b41ef88f645') in 0.006139 seconds
Number of updated asset objects reloaded before import = 0
Number of asset objects unloaded after import = 3
========================================================================
Received Import Request.
  Time since last request: 0.000108 seconds.
  path: Assets/Sunnyland/artwork/Environment/props/crank-up.png
  artifactKey: Guid(441a2d89600064d4d9ced045b19d0ae6) Importer(815301076,1909f56bfc062723c751e8b465ee728b)
Start importing Assets/Sunnyland/artwork/Environment/props/crank-up.png using Guid(441a2d89600064d4d9ced045b19d0ae6) Importer(815301076,1909f56bfc062723c751e8b465ee728b)  -> (artifact id: '11eb82a2816b9bd3c17e13e0053226f0') in 0.006071 seconds
Number of updated asset objects reloaded before import = 0
Number of asset objects unloaded after import = 3
========================================================================
Received Import Request.
  Time since last request: 0.846846 seconds.
  path: Assets/Sunnyland/artwork/Environment/props/big-crate.png
  artifactKey: Guid(3fc2bbd409bf34ab6af1637bab569da1) Importer(815301076,1909f56bfc062723c751e8b465ee728b)
Start importing Assets/Sunnyland/artwork/Environment/props/big-crate.png using Guid(3fc2bbd409bf34ab6af1637bab569da1) Importer(815301076,1909f56bfc062723c751e8b465ee728b)  -> (artifact id: '20286138355665a7bc03a1ce36a089bd') in 0.009613 seconds
Number of updated asset objects reloaded before import = 0
Number of asset objects unloaded after import = 3
========================================================================
Received Import Request.
  Time since last request: 0.434643 seconds.
  path: Assets/Sunnyland/artwork/Environment/props/house.png
  artifactKey: Guid(52422ada2db954026a3ae1f1ba6b4486) Importer(815301076,1909f56bfc062723c751e8b465ee728b)
Start importing Assets/Sunnyland/artwork/Environment/props/house.png using Guid(52422ada2db954026a3ae1f1ba6b4486) Importer(815301076,1909f56bfc062723c751e8b465ee728b)  -> (artifact id: '6aee84bcf91207ffb640ad0b1a7c5e5e') in 0.009078 seconds
Number of updated asset objects reloaded before import = 0
Number of asset objects unloaded after import = 3
========================================================================
Received Import Request.
  Time since last request: 0.038245 seconds.
  path: Assets/Sunnyland/artwork/Environment/props/rock.png
  artifactKey: Guid(3604a08945c65491a9ffb90ad9a8ff57) Importer(815301076,1909f56bfc062723c751e8b465ee728b)
Start importing Assets/Sunnyland/artwork/Environment/props/rock.png using Guid(3604a08945c65491a9ffb90ad9a8ff57) Importer(815301076,1909f56bfc062723c751e8b465ee728b)  -> (artifact id: '25577d11c5078627498f5fb253c45658') in 0.005714 seconds
Number of updated asset objects reloaded before import = 0
Number of asset objects unloaded after import = 3
========================================================================
Received Import Request.
  Time since last request: 0.040805 seconds.
  path: Assets/Sunnyland/artwork/Environment/props/sign.png
  artifactKey: Guid(42820af2772f24bda991ed7de294c2fd) Importer(815301076,1909f56bfc062723c751e8b465ee728b)
Start importing Assets/Sunnyland/artwork/Environment/props/sign.png using Guid(42820af2772f24bda991ed7de294c2fd) Importer(815301076,1909f56bfc062723c751e8b465ee728b)  -> (artifact id: '2754f18585d2bc51dd190d1b01e4abac') in 0.005820 seconds
Number of updated asset objects reloaded before import = 0
Number of asset objects unloaded after import = 3
========================================================================
Received Import Request.
  Time since last request: 0.045566 seconds.
  path: Assets/Sunnyland/artwork/Environment/props/small-platform.png
  artifactKey: Guid(d3ae29bc873704d6197af9ad030f1b1c) Importer(815301076,1909f56bfc062723c751e8b465ee728b)
Start importing Assets/Sunnyland/artwork/Environment/props/small-platform.png using Guid(d3ae29bc873704d6197af9ad030f1b1c) Importer(815301076,1909f56bfc062723c751e8b465ee728b)  -> (artifact id: '2c5390ffc764e325437e78d2d4d6ff75') in 0.005098 seconds
Number of updated asset objects reloaded before import = 0
Number of asset objects unloaded after import = 3
========================================================================
Received Import Request.
  Time since last request: 0.047795 seconds.
  path: Assets/Sunnyland/artwork/Environment/props/spikes.png
  artifactKey: Guid(0049772a1acaf4a49b69bb504ffe2669) Importer(815301076,1909f56bfc062723c751e8b465ee728b)
Start importing Assets/Sunnyland/artwork/Environment/props/spikes.png using Guid(0049772a1acaf4a49b69bb504ffe2669) Importer(815301076,1909f56bfc062723c751e8b465ee728b)  -> (artifact id: 'ff52d06ad29334a9b7965c8dc1bc796c') in 0.004887 seconds
Number of updated asset objects reloaded before import = 0
Number of asset objects unloaded after import = 3
========================================================================
Received Import Request.
  Time since last request: 0.038498 seconds.
  path: Assets/Sunnyland/artwork/Environment/props/tree.png
  artifactKey: Guid(f7187675ec12e4aacaeb0e97ad31230a) Importer(815301076,1909f56bfc062723c751e8b465ee728b)
Start importing Assets/Sunnyland/artwork/Environment/props/tree.png using Guid(f7187675ec12e4aacaeb0e97ad31230a) Importer(815301076,1909f56bfc062723c751e8b465ee728b)  -> (artifact id: 'be0e58a8011c39697ca112fa07c00ec2') in 0.006355 seconds
Number of updated asset objects reloaded before import = 0
Number of asset objects unloaded after import = 3
========================================================================
Received Import Request.
  Time since last request: 6.728676 seconds.
  path: Assets/Sunnyland/artwork/Environment/props/crank-down.png
  artifactKey: Guid(d3240c946631a4966b1bcab3db999126) Importer(815301076,1909f56bfc062723c751e8b465ee728b)
Start importing Assets/Sunnyland/artwork/Environment/props/crank-down.png using Guid(d3240c946631a4966b1bcab3db999126) Importer(815301076,1909f56bfc062723c751e8b465ee728b)  -> (artifact id: '3c7bfbd741b3d33c07e325753d93c554') in 0.004578 seconds
Number of updated asset objects reloaded before import = 0
Number of asset objects unloaded after import = 3
========================================================================
Received Import Request.
  Time since last request: 0.005910 seconds.
  path: Assets/Sunnyland/artwork/Environment/props/spike-skull.png
  artifactKey: Guid(a225befe4953547da8c4133e5d585029) Importer(815301076,1909f56bfc062723c751e8b465ee728b)
Start importing Assets/Sunnyland/artwork/Environment/props/spike-skull.png using Guid(a225befe4953547da8c4133e5d585029) Importer(815301076,1909f56bfc062723c751e8b465ee728b)  -> (artifact id: '5f51524ac987f4710219a4a446e58c94') in 0.004523 seconds
Number of updated asset objects reloaded before import = 0
Number of asset objects unloaded after import = 3
========================================================================
Received Import Request.
  Time since last request: 0.000196 seconds.
  path: Assets/Sunnyland/artwork/Environment/props/spikes-top.png
  artifactKey: Guid(c6803a2a3fe7f45e786b788e8ddb6771) Importer(815301076,1909f56bfc062723c751e8b465ee728b)
Start importing Assets/Sunnyland/artwork/Environment/props/spikes-top.png using Guid(c6803a2a3fe7f45e786b788e8ddb6771) Importer(815301076,1909f56bfc062723c751e8b465ee728b)  -> (artifact id: 'c436392379f937f89621c503823bf4b0') in 0.004853 seconds
Number of updated asset objects reloaded before import = 0
Number of asset objects unloaded after import = 3
========================================================================
Received Import Request.
  Time since last request: 4.580645 seconds.
  path: Assets/Tiles/tileset-sliced_4.asset
  artifactKey: Guid(fb4eb72c21b9dfc409beb6be3a3f31fa) Importer(815301076,1909f56bfc062723c751e8b465ee728b)
Start importing Assets/Tiles/tileset-sliced_4.asset using Guid(fb4eb72c21b9dfc409beb6be3a3f31fa) Importer(815301076,1909f56bfc062723c751e8b465ee728b)  -> (artifact id: 'b0b98b36e1b72ec3f52473fe8d2ead6f') in 0.007890 seconds
Number of updated asset objects reloaded before import = 0
Number of asset objects unloaded after import = 3
========================================================================
Received Import Request.
  Time since last request: 0.000151 seconds.
  path: Assets/Tiles/tileset-sliced_6.asset
  artifactKey: Guid(c0141f106d6ce4c4cb007a354c816308) Importer(815301076,1909f56bfc062723c751e8b465ee728b)
Start importing Assets/Tiles/tileset-sliced_6.asset using Guid(c0141f106d6ce4c4cb007a354c816308) Importer(815301076,1909f56bfc062723c751e8b465ee728b)  -> (artifact id: '8b67e23098849fea89cdcbffbf5a24fa') in 0.004617 seconds
Number of updated asset objects reloaded before import = 0
Number of asset objects unloaded after import = 3
========================================================================
Received Import Request.
  Time since last request: 1.090267 seconds.
  path: Assets/Tiles/tileset-sliced_7.asset
  artifactKey: Guid(c5a84d10cd3d6c64eb62922a85d1b3a6) Importer(815301076,1909f56bfc062723c751e8b465ee728b)
Start importing Assets/Tiles/tileset-sliced_7.asset using Guid(c5a84d10cd3d6c64eb62922a85d1b3a6) Importer(815301076,1909f56bfc062723c751e8b465ee728b)  -> (artifact id: '3d78fa84b1f2ae3eb477bf1741495fe1') in 0.004978 seconds
Number of updated asset objects reloaded before import = 0
Number of asset objects unloaded after import = 3
========================================================================
Received Import Request.
  Time since last request: 0.018024 seconds.
  path: Assets/Tiles/tileset-sliced_9.asset
  artifactKey: Guid(730afd075634d0c438df171fc79e2544) Importer(815301076,1909f56bfc062723c751e8b465ee728b)
Start importing Assets/Tiles/tileset-sliced_9.asset using Guid(730afd075634d0c438df171fc79e2544) Importer(815301076,1909f56bfc062723c751e8b465ee728b)  -> (artifact id: 'f0c9fec397debc8d1c032123089f913b') in 0.003645 seconds
Number of updated asset objects reloaded before import = 0
Number of asset objects unloaded after import = 3
========================================================================
Received Import Request.
  Time since last request: 0.042333 seconds.
  path: Assets/Tiles/tileset-sliced_11.asset
  artifactKey: Guid(e7f6e8292c5358e46bc53973a0425739) Importer(815301076,1909f56bfc062723c751e8b465ee728b)
Start importing Assets/Tiles/tileset-sliced_11.asset using Guid(e7f6e8292c5358e46bc53973a0425739) Importer(815301076,1909f56bfc062723c751e8b465ee728b)  -> (artifact id: '3b765907b8ddb022a6380a00d5459fdf') in 0.003388 seconds
Number of updated asset objects reloaded before import = 0
Number of asset objects unloaded after import = 3
========================================================================
Received Import Request.
  Time since last request: 0.044956 seconds.
  path: Assets/Tiles/tileset-sliced_13.asset
  artifactKey: Guid(7cc84dc4bdf507b46b5f51d5b8ca8ff4) Importer(815301076,1909f56bfc062723c751e8b465ee728b)
Start importing Assets/Tiles/tileset-sliced_13.asset using Guid(7cc84dc4bdf507b46b5f51d5b8ca8ff4) Importer(815301076,1909f56bfc062723c751e8b465ee728b)  -> (artifact id: 'a14413c920dadb876a81ba5f769dc66a') in 0.003154 seconds
Number of updated asset objects reloaded before import = 0
Number of asset objects unloaded after import = 3
========================================================================
Received Import Request.
  Time since last request: 0.044842 seconds.
  path: Assets/Tiles/tileset-sliced_15.asset
  artifactKey: Guid(949f939332b961b4a8c474cab1854c23) Importer(815301076,1909f56bfc062723c751e8b465ee728b)
Start importing Assets/Tiles/tileset-sliced_15.asset using Guid(949f939332b961b4a8c474cab1854c23) Importer(815301076,1909f56bfc062723c751e8b465ee728b)  -> (artifact id: '790651837ca4f94144efa3b37e07ec87') in 0.002930 seconds
Number of updated asset objects reloaded before import = 0
Number of asset objects unloaded after import = 3
========================================================================
Received Import Request.
  Time since last request: 0.048348 seconds.
  path: Assets/Tiles/tileset-sliced_17.asset
  artifactKey: Guid(849486dd16148734382d6131f37f3d4e) Importer(815301076,1909f56bfc062723c751e8b465ee728b)
Start importing Assets/Tiles/tileset-sliced_17.asset using Guid(849486dd16148734382d6131f37f3d4e) Importer(815301076,1909f56bfc062723c751e8b465ee728b)  -> (artifact id: '1d56e22d8db24d227d202bb0436548c4') in 0.002883 seconds
Number of updated asset objects reloaded before import = 0
Number of asset objects unloaded after import = 3
========================================================================
Received Import Request.
  Time since last request: 0.048355 seconds.
  path: Assets/Tiles/tileset-sliced_19.asset
  artifactKey: Guid(a5cb0083da5eb88419016e824068328a) Importer(815301076,1909f56bfc062723c751e8b465ee728b)
Start importing Assets/Tiles/tileset-sliced_19.asset using Guid(a5cb0083da5eb88419016e824068328a) Importer(815301076,1909f56bfc062723c751e8b465ee728b)  -> (artifact id: 'cb9a03fe435abd2afab922d2ae895a58') in 0.003110 seconds
Number of updated asset objects reloaded before import = 0
Number of asset objects unloaded after import = 3
========================================================================
Received Import Request.
  Time since last request: 0.042296 seconds.
  path: Assets/Tiles/tileset-sliced_21.asset
  artifactKey: Guid(914f30e2b80ce984ca792f80a0423e2c) Importer(815301076,1909f56bfc062723c751e8b465ee728b)
Start importing Assets/Tiles/tileset-sliced_21.asset using Guid(914f30e2b80ce984ca792f80a0423e2c) Importer(815301076,1909f56bfc062723c751e8b465ee728b)  -> (artifact id: 'ac3458b88160c6c509fb9c907290b2e2') in 0.003058 seconds
Number of updated asset objects reloaded before import = 0
Number of asset objects unloaded after import = 3
========================================================================
Received Import Request.
  Time since last request: 0.060256 seconds.
  path: Assets/Tiles/tileset-sliced_23.asset
  artifactKey: Guid(2bba053fbe8361545b0dced2dad5189a) Importer(815301076,1909f56bfc062723c751e8b465ee728b)
Start importing Assets/Tiles/tileset-sliced_23.asset using Guid(2bba053fbe8361545b0dced2dad5189a) Importer(815301076,1909f56bfc062723c751e8b465ee728b)  -> (artifact id: 'a0a0f55d1776e70a4cd3899116e4cf19') in 0.003212 seconds
Number of updated asset objects reloaded before import = 0
Number of asset objects unloaded after import = 3
========================================================================
Received Import Request.
  Time since last request: 0.037131 seconds.
  path: Assets/Tiles/tileset-sliced_25.asset
  artifactKey: Guid(c7e8eec8a81515546910be70cf50b054) Importer(815301076,1909f56bfc062723c751e8b465ee728b)
Start importing Assets/Tiles/tileset-sliced_25.asset using Guid(c7e8eec8a81515546910be70cf50b054) Importer(815301076,1909f56bfc062723c751e8b465ee728b)  -> (artifact id: 'd601141525214c20fbe196965bc577f3') in 0.003102 seconds
Number of updated asset objects reloaded before import = 0
Number of asset objects unloaded after import = 3
========================================================================
Received Import Request.
  Time since last request: 0.028162 seconds.
  path: Assets/Tiles/tileset-sliced_27.asset
  artifactKey: Guid(71bc99f38de041743aec436b3af29a1f) Importer(815301076,1909f56bfc062723c751e8b465ee728b)
Start importing Assets/Tiles/tileset-sliced_27.asset using Guid(71bc99f38de041743aec436b3af29a1f) Importer(815301076,1909f56bfc062723c751e8b465ee728b)  -> (artifact id: '7260dbc595c29d33e1c3dcff057856f6') in 0.003003 seconds
Number of updated asset objects reloaded before import = 0
Number of asset objects unloaded after import = 3
========================================================================
Received Import Request.
  Time since last request: 0.034161 seconds.
  path: Assets/Tiles/tileset-sliced_29.asset
  artifactKey: Guid(a7ed795b167ec6b4fbf615c0031f4f24) Importer(815301076,1909f56bfc062723c751e8b465ee728b)
Start importing Assets/Tiles/tileset-sliced_29.asset using Guid(a7ed795b167ec6b4fbf615c0031f4f24) Importer(815301076,1909f56bfc062723c751e8b465ee728b)  -> (artifact id: 'f5821d76f5b9371e2c0cf2c864cb66aa') in 0.002907 seconds
Number of updated asset objects reloaded before import = 0
Number of asset objects unloaded after import = 3
========================================================================
Received Import Request.
  Time since last request: 0.056663 seconds.
  path: Assets/Tiles/tileset-sliced_31.asset
  artifactKey: Guid(1c1024a229aa64946aa3608f73f96184) Importer(815301076,1909f56bfc062723c751e8b465ee728b)
Start importing Assets/Tiles/tileset-sliced_31.asset using Guid(1c1024a229aa64946aa3608f73f96184) Importer(815301076,1909f56bfc062723c751e8b465ee728b)  -> (artifact id: '1afddb46debc1f503eb281c7cf75679d') in 0.002948 seconds
Number of updated asset objects reloaded before import = 0
Number of asset objects unloaded after import = 3
========================================================================
Received Import Request.
  Time since last request: 0.043930 seconds.
  path: Assets/Tiles/tileset-sliced_33.asset
  artifactKey: Guid(fd35679e7161fb745921c805ae9f7119) Importer(815301076,1909f56bfc062723c751e8b465ee728b)
Start importing Assets/Tiles/tileset-sliced_33.asset using Guid(fd35679e7161fb745921c805ae9f7119) Importer(815301076,1909f56bfc062723c751e8b465ee728b)  -> (artifact id: 'ddddd1c053ad3489c5b417714de1efa5') in 0.002856 seconds
Number of updated asset objects reloaded before import = 0
Number of asset objects unloaded after import = 3
========================================================================
Received Import Request.
  Time since last request: 0.048264 seconds.
  path: Assets/Tiles/tileset-sliced_35.asset
  artifactKey: Guid(db463e7de71d56a45948dd2e2e88a5fb) Importer(815301076,1909f56bfc062723c751e8b465ee728b)
Start importing Assets/Tiles/tileset-sliced_35.asset using Guid(db463e7de71d56a45948dd2e2e88a5fb) Importer(815301076,1909f56bfc062723c751e8b465ee728b)  -> (artifact id: 'd25bb091e00aaab40935df32384d257d') in 0.002923 seconds
Number of updated asset objects reloaded before import = 0
Number of asset objects unloaded after import = 3
========================================================================
Received Import Request.
  Time since last request: 0.040371 seconds.
  path: Assets/Tiles/tileset-sliced_37.asset
  artifactKey: Guid(ba9134c9e8b3fe5458f8004e3f16ebf7) Importer(815301076,1909f56bfc062723c751e8b465ee728b)
Start importing Assets/Tiles/tileset-sliced_37.asset using Guid(ba9134c9e8b3fe5458f8004e3f16ebf7) Importer(815301076,1909f56bfc062723c751e8b465ee728b)  -> (artifact id: '44d89b27e7fdd254370e1d37e175d6a4') in 0.002928 seconds
Number of updated asset objects reloaded before import = 0
Number of asset objects unloaded after import = 3
========================================================================
Received Import Request.
  Time since last request: 0.078975 seconds.
  path: Assets/Tiles/tileset-sliced_39.asset
  artifactKey: Guid(36c0a90b292dc3048b3e2e8c031e1c32) Importer(815301076,1909f56bfc062723c751e8b465ee728b)
Start importing Assets/Tiles/tileset-sliced_39.asset using Guid(36c0a90b292dc3048b3e2e8c031e1c32) Importer(815301076,1909f56bfc062723c751e8b465ee728b)  -> (artifact id: 'd2b4bb6885b50c23373c830910b8591a') in 0.003119 seconds
Number of updated asset objects reloaded before import = 0
Number of asset objects unloaded after import = 3
========================================================================
Received Import Request.
  Time since last request: 0.040796 seconds.
  path: Assets/Tiles/tileset-sliced_41.asset
  artifactKey: Guid(61126ca3b2c38234abfc21e9d43e027b) Importer(815301076,1909f56bfc062723c751e8b465ee728b)
Start importing Assets/Tiles/tileset-sliced_41.asset using Guid(61126ca3b2c38234abfc21e9d43e027b) Importer(815301076,1909f56bfc062723c751e8b465ee728b)  -> (artifact id: 'b8d9f8bb565b98a8715ec4dfa5e5d91b') in 0.002811 seconds
Number of updated asset objects reloaded before import = 0
Number of asset objects unloaded after import = 3
========================================================================
Received Import Request.
  Time since last request: 0.052607 seconds.
  path: Assets/Tiles/tileset-sliced_43.asset
  artifactKey: Guid(ace306e2001fcb7438c9814d627ced0f) Importer(815301076,1909f56bfc062723c751e8b465ee728b)
Start importing Assets/Tiles/tileset-sliced_43.asset using Guid(ace306e2001fcb7438c9814d627ced0f) Importer(815301076,1909f56bfc062723c751e8b465ee728b)  -> (artifact id: '93e1b97ae1a164ff2c64a9bb6e7fbd7e') in 0.002917 seconds
Number of updated asset objects reloaded before import = 0
Number of asset objects unloaded after import = 3
========================================================================
Received Import Request.
  Time since last request: 0.040040 seconds.
  path: Assets/Tiles/tileset-sliced_45.asset
  artifactKey: Guid(32bcf0bea0d3e3f4bb472d34745b119f) Importer(815301076,1909f56bfc062723c751e8b465ee728b)
Start importing Assets/Tiles/tileset-sliced_45.asset using Guid(32bcf0bea0d3e3f4bb472d34745b119f) Importer(815301076,1909f56bfc062723c751e8b465ee728b)  -> (artifact id: '42e5cb547653690ba47ca960c69599dd') in 0.002998 seconds
Number of updated asset objects reloaded before import = 0
Number of asset objects unloaded after import = 3
========================================================================
Received Import Request.
  Time since last request: 0.059418 seconds.
  path: Assets/Tiles/tileset-sliced_47.asset
  artifactKey: Guid(b7d318cb458cfe04f9db31866175aa90) Importer(815301076,1909f56bfc062723c751e8b465ee728b)
Start importing Assets/Tiles/tileset-sliced_47.asset using Guid(b7d318cb458cfe04f9db31866175aa90) Importer(815301076,1909f56bfc062723c751e8b465ee728b)  -> (artifact id: 'c9764d363fc746bef2092162f495fc48') in 0.003262 seconds
Number of updated asset objects reloaded before import = 0
Number of asset objects unloaded after import = 3
========================================================================
Received Import Request.
  Time since last request: 0.040842 seconds.
  path: Assets/Tiles/tileset-sliced_49.asset
  artifactKey: Guid(89c6e21fcc82e7f4bbf42aecf581b884) Importer(815301076,1909f56bfc062723c751e8b465ee728b)
Start importing Assets/Tiles/tileset-sliced_49.asset using Guid(89c6e21fcc82e7f4bbf42aecf581b884) Importer(815301076,1909f56bfc062723c751e8b465ee728b)  -> (artifact id: '87bdf82d50f871d047c9c6825c2c9f6d') in 0.002999 seconds
Number of updated asset objects reloaded before import = 0
Number of asset objects unloaded after import = 3
========================================================================
Received Import Request.
  Time since last request: 0.049752 seconds.
  path: Assets/Tiles/tileset-sliced_51.asset
  artifactKey: Guid(aca5b40753d9d2b4781a4e0f3a7078b2) Importer(815301076,1909f56bfc062723c751e8b465ee728b)
Start importing Assets/Tiles/tileset-sliced_51.asset using Guid(aca5b40753d9d2b4781a4e0f3a7078b2) Importer(815301076,1909f56bfc062723c751e8b465ee728b)  -> (artifact id: '2722b52523e49a277023b5ab0488bd83') in 0.002931 seconds
Number of updated asset objects reloaded before import = 0
Number of asset objects unloaded after import = 3
========================================================================
Received Import Request.
  Time since last request: 0.044019 seconds.
  path: Assets/Tiles/tileset-sliced_53.asset
  artifactKey: Guid(7bbf608570eb0e144b78a113908d5ff6) Importer(815301076,1909f56bfc062723c751e8b465ee728b)
Start importing Assets/Tiles/tileset-sliced_53.asset using Guid(7bbf608570eb0e144b78a113908d5ff6) Importer(815301076,1909f56bfc062723c751e8b465ee728b)  -> (artifact id: '741b1416913dd2c1f0852819cd6723e3') in 0.002933 seconds
Number of updated asset objects reloaded before import = 0
Number of asset objects unloaded after import = 3
========================================================================
Received Import Request.
  Time since last request: 0.054885 seconds.
  path: Assets/Tiles/tileset-sliced_55.asset
  artifactKey: Guid(b360fc4b4ee4fcc4b924d58be8dfe596) Importer(815301076,1909f56bfc062723c751e8b465ee728b)
Start importing Assets/Tiles/tileset-sliced_55.asset using Guid(b360fc4b4ee4fcc4b924d58be8dfe596) Importer(815301076,1909f56bfc062723c751e8b465ee728b)  -> (artifact id: '7e84ad66f36088b83a1e495c11ad297b') in 0.002988 seconds
Number of updated asset objects reloaded before import = 0
Number of asset objects unloaded after import = 3
========================================================================
Received Import Request.
  Time since last request: 0.041360 seconds.
  path: Assets/Tiles/tileset-sliced_57.asset
  artifactKey: Guid(001c62d32fd16f9469bcd6b33e973ea8) Importer(815301076,1909f56bfc062723c751e8b465ee728b)
Start importing Assets/Tiles/tileset-sliced_57.asset using Guid(001c62d32fd16f9469bcd6b33e973ea8) Importer(815301076,1909f56bfc062723c751e8b465ee728b)  -> (artifact id: 'd927110b38ef20b51b9c08ff39284a60') in 0.002902 seconds
Number of updated asset objects reloaded before import = 0
Number of asset objects unloaded after import = 3
========================================================================
Received Import Request.
  Time since last request: 0.048129 seconds.
  path: Assets/Tiles/tileset-sliced_59.asset
  artifactKey: Guid(8e0afc403a1213245b29167c44d28e58) Importer(815301076,1909f56bfc062723c751e8b465ee728b)
Start importing Assets/Tiles/tileset-sliced_59.asset using Guid(8e0afc403a1213245b29167c44d28e58) Importer(815301076,1909f56bfc062723c751e8b465ee728b)  -> (artifact id: 'ec6278396a8338fc1dfa4add0a9b44f5') in 0.002954 seconds
Number of updated asset objects reloaded before import = 0
Number of asset objects unloaded after import = 3
========================================================================
Received Import Request.
  Time since last request: 0.042081 seconds.
  path: Assets/Tiles/tileset-sliced_61.asset
  artifactKey: Guid(0bfe928e677905e48a8b3543ebbe5742) Importer(815301076,1909f56bfc062723c751e8b465ee728b)
Start importing Assets/Tiles/tileset-sliced_61.asset using Guid(0bfe928e677905e48a8b3543ebbe5742) Importer(815301076,1909f56bfc062723c751e8b465ee728b)  -> (artifact id: '27ea262536a47f8c58d33c6a74d3054f') in 0.002936 seconds
Number of updated asset objects reloaded before import = 0
Number of asset objects unloaded after import = 3
========================================================================
Received Import Request.
  Time since last request: 0.055783 seconds.
  path: Assets/Tiles/tileset-sliced_63.asset
  artifactKey: Guid(3f0ee91c0660c674a9b8db89cf08266b) Importer(815301076,1909f56bfc062723c751e8b465ee728b)
Start importing Assets/Tiles/tileset-sliced_63.asset using Guid(3f0ee91c0660c674a9b8db89cf08266b) Importer(815301076,1909f56bfc062723c751e8b465ee728b)  -> (artifact id: '9febdd99ad6fb3bcb72028a06f5ec825') in 0.002927 seconds
Number of updated asset objects reloaded before import = 0
Number of asset objects unloaded after import = 3
========================================================================
Received Import Request.
  Time since last request: 0.041889 seconds.
  path: Assets/Tiles/tileset-sliced_65.asset
  artifactKey: Guid(fcf40aa8b8cc5f442aa73cfaf9462988) Importer(815301076,1909f56bfc062723c751e8b465ee728b)
Start importing Assets/Tiles/tileset-sliced_65.asset using Guid(fcf40aa8b8cc5f442aa73cfaf9462988) Importer(815301076,1909f56bfc062723c751e8b465ee728b)  -> (artifact id: 'a54a3950f0b634a0ea4e1ec0c34ccdc1') in 0.002881 seconds
Number of updated asset objects reloaded before import = 0
Number of asset objects unloaded after import = 3
========================================================================
Received Import Request.
  Time since last request: 0.042862 seconds.
  path: Assets/Tiles/tileset-sliced_67.asset
  artifactKey: Guid(0cf1bca8ee0fb8140af77390197ec8c3) Importer(815301076,1909f56bfc062723c751e8b465ee728b)
Start importing Assets/Tiles/tileset-sliced_67.asset using Guid(0cf1bca8ee0fb8140af77390197ec8c3) Importer(815301076,1909f56bfc062723c751e8b465ee728b)  -> (artifact id: '81999ea67e5256538f40bc8b8ee844a4') in 0.002815 seconds
Number of updated asset objects reloaded before import = 0
Number of asset objects unloaded after import = 3
========================================================================
Received Import Request.
  Time since last request: 4.147755 seconds.
  path: Assets/Sunnyland/artwork/Environment/back.png
  artifactKey: Guid(8e160a2a620644cd6afef9119dad1093) Importer(815301076,1909f56bfc062723c751e8b465ee728b)
Start importing Assets/Sunnyland/artwork/Environment/back.png using Guid(8e160a2a620644cd6afef9119dad1093) Importer(815301076,1909f56bfc062723c751e8b465ee728b)  -> (artifact id: '02a3f550df6faa31e075c1fc060f6e0a') in 0.014669 seconds
Number of updated asset objects reloaded before import = 0
Number of asset objects unloaded after import = 3
========================================================================
Received Import Request.
  Time since last request: 0.000070 seconds.
  path: Assets/Sunnyland/artwork/Environment/tileset.png
  artifactKey: Guid(3b66e1a27c9634fe9a4746c47eeda7cc) Importer(815301076,1909f56bfc062723c751e8b465ee728b)
Start importing Assets/Sunnyland/artwork/Environment/tileset.png using Guid(3b66e1a27c9634fe9a4746c47eeda7cc) Importer(815301076,1909f56bfc062723c751e8b465ee728b)  -> (artifact id: '5452b2b0e7bd50e89139d39c8a999baf') in 0.010049 seconds
Number of updated asset objects reloaded before import = 0
Number of asset objects unloaded after import = 3
========================================================================
Received Import Request.
  Time since last request: 11.984264 seconds.
  path: Assets/Sunnyland/artwork/Environment/tileset.png
  artifactKey: Guid(3b66e1a27c9634fe9a4746c47eeda7cc) Importer(815301076,1909f56bfc062723c751e8b465ee728b)
Start importing Assets/Sunnyland/artwork/Environment/tileset.png using Guid(3b66e1a27c9634fe9a4746c47eeda7cc) Importer(815301076,1909f56bfc062723c751e8b465ee728b)  -> (artifact id: '8febc581563dda9189cac11d9d0d6836') in 0.006439 seconds
Number of updated asset objects reloaded before import = 0
Number of asset objects unloaded after import = 3
========================================================================
Received Import Request.
  Time since last request: 0.001718 seconds.
  path: Assets/Sunnyland/artwork/Environment/back.png
  artifactKey: Guid(8e160a2a620644cd6afef9119dad1093) Importer(815301076,1909f56bfc062723c751e8b465ee728b)
Start importing Assets/Sunnyland/artwork/Environment/back.png using Guid(8e160a2a620644cd6afef9119dad1093) Importer(815301076,1909f56bfc062723c751e8b465ee728b)  -> (artifact id: '8ff0444ec12859839ae8349eabe72e9a') in 0.005004 seconds
Number of updated asset objects reloaded before import = 0
Number of asset objects unloaded after import = 3
========================================================================
Received Import Request.
  Time since last request: 4.335053 seconds.
  path: Assets/Sunnyland/artwork/Environment/props
  artifactKey: Guid(15e7312e0607f4e84aeacdc44a70744c) Importer(815301076,1909f56bfc062723c751e8b465ee728b)
Start importing Assets/Sunnyland/artwork/Environment/props using Guid(15e7312e0607f4e84aeacdc44a70744c) Importer(815301076,1909f56bfc062723c751e8b465ee728b)  -> (artifact id: '4655f13f83ea954db5dfb54ea5a0ad5b') in 0.000487 seconds
Number of updated asset objects reloaded before import = 0
Number of asset objects unloaded after import = 0
========================================================================
Received Import Request.
  Time since last request: 0.069940 seconds.
  path: Assets/Sunnyland/artwork/Environment/props/block-big.png
  artifactKey: Guid(5bccf13ce09bd43e39c1c3416d5de92c) Importer(815301076,1909f56bfc062723c751e8b465ee728b)
Start importing Assets/Sunnyland/artwork/Environment/props/block-big.png using Guid(5bccf13ce09bd43e39c1c3416d5de92c) Importer(815301076,1909f56bfc062723c751e8b465ee728b)  -> (artifact id: 'bea25a2fa892507763a7e1c2a1c65fe6') in 0.009351 seconds
Number of updated asset objects reloaded before import = 0
Number of asset objects unloaded after import = 3
========================================================================
Received Import Request.
  Time since last request: 0.000141 seconds.
  path: Assets/Sunnyland/artwork/Environment/props/crank-up.png
  artifactKey: Guid(441a2d89600064d4d9ced045b19d0ae6) Importer(815301076,1909f56bfc062723c751e8b465ee728b)
Start importing Assets/Sunnyland/artwork/Environment/props/crank-up.png using Guid(441a2d89600064d4d9ced045b19d0ae6) Importer(815301076,1909f56bfc062723c751e8b465ee728b)  -> (artifact id: 'a7028983afe7877fb184decbdc1fb9be') in 0.006348 seconds
Number of updated asset objects reloaded before import = 0
Number of asset objects unloaded after import = 3
========================================================================
Received Import Request.
  Time since last request: 25.066962 seconds.
  path: Assets/Sunnyland/artwork/Environment/tileset-sliced.png
  artifactKey: Guid(261212b977f594d5dbc48631a5c1295c) Importer(815301076,1909f56bfc062723c751e8b465ee728b)
Start importing Assets/Sunnyland/artwork/Environment/tileset-sliced.png using Guid(261212b977f594d5dbc48631a5c1295c) Importer(815301076,1909f56bfc062723c751e8b465ee728b)  -> (artifact id: 'b37966b77b9ae043ebc7cfa73a1ec53c') in 0.201220 seconds
Number of updated asset objects reloaded before import = 0
Number of asset objects unloaded after import = 130
========================================================================
Received Import Request.
  Time since last request: 42.456235 seconds.
  path: Assets/Sunnyland/bullets.png
  artifactKey: Guid(06be4f808b71f408ea90687877046136) Importer(815301076,1909f56bfc062723c751e8b465ee728b)
Start importing Assets/Sunnyland/bullets.png using Guid(06be4f808b71f408ea90687877046136) Importer(815301076,1909f56bfc062723c751e8b465ee728b)  -> (artifact id: '9869a7482f1c4a0ef767ccac5740439e') in 0.006225 seconds
Number of updated asset objects reloaded before import = 0
Number of asset objects unloaded after import = 3
========================================================================
Received Import Request.
  Time since last request: 2.058951 seconds.
  path: Assets/Sunnyland/flower.png
  artifactKey: Guid(dd45359d36a134d30a1ff36af10d3fee) Importer(815301076,1909f56bfc062723c751e8b465ee728b)
Start importing Assets/Sunnyland/flower.png using Guid(dd45359d36a134d30a1ff36af10d3fee) Importer(815301076,1909f56bfc062723c751e8b465ee728b)  -> (artifact id: '8f43f87f430753d9519c93601de42c9c') in 0.005834 seconds
Number of updated asset objects reloaded before import = 0
Number of asset objects unloaded after import = 3
========================================================================
Received Import Request.
  Time since last request: 2.261762 seconds.
  path: Assets/Sunnyland/health.png
  artifactKey: Guid(2ded6470b99124730a9870f71733b413) Importer(815301076,1909f56bfc062723c751e8b465ee728b)
Start importing Assets/Sunnyland/health.png using Guid(2ded6470b99124730a9870f71733b413) Importer(815301076,1909f56bfc062723c751e8b465ee728b)  -> (artifact id: '5eb2fcc9e3654d0a45ead88ebe73161c') in 0.006093 seconds
Number of updated asset objects reloaded before import = 0
Number of asset objects unloaded after import = 3
========================================================================
Received Import Request.
  Time since last request: 20.452822 seconds.
  path: Assets/Sunnyland/flower.png
  artifactKey: Guid(dd45359d36a134d30a1ff36af10d3fee) Importer(815301076,1909f56bfc062723c751e8b465ee728b)
Start importing Assets/Sunnyland/flower.png using Guid(dd45359d36a134d30a1ff36af10d3fee) Importer(815301076,1909f56bfc062723c751e8b465ee728b)  -> (artifact id: '94babf3b96b64d5a0489134ae7e65d58') in 0.006237 seconds
Number of updated asset objects reloaded before import = 0
Number of asset objects unloaded after import = 3
========================================================================
Received Import Request.
  Time since last request: 4.784176 seconds.
  path: Assets/Sunnyland/flower.png
  artifactKey: Guid(dd45359d36a134d30a1ff36af10d3fee) Importer(815301076,1909f56bfc062723c751e8b465ee728b)
Start importing Assets/Sunnyland/flower.png using Guid(dd45359d36a134d30a1ff36af10d3fee) Importer(815301076,1909f56bfc062723c751e8b465ee728b)  -> (artifact id: 'e530a65f5c134edf027f3a5fa7c49daa') in 0.005936 seconds
Number of updated asset objects reloaded before import = 0
Number of asset objects unloaded after import = 3
========================================================================
Received Import Request.
  Time since last request: 4.046689 seconds.
  path: Assets/Sunnyland/flower.png
  artifactKey: Guid(dd45359d36a134d30a1ff36af10d3fee) Importer(815301076,1909f56bfc062723c751e8b465ee728b)
Start importing Assets/Sunnyland/flower.png using Guid(dd45359d36a134d30a1ff36af10d3fee) Importer(815301076,1909f56bfc062723c751e8b465ee728b)  -> (artifact id: '8b23fdffdd89a6bfd8018a20e06ba991') in 0.005967 seconds
Number of updated asset objects reloaded before import = 0
Number of asset objects unloaded after import = 3
========================================================================
Received Import Request.
  Time since last request: 7.673026 seconds.
  path: Assets/Sunnyland/flower.png
  artifactKey: Guid(dd45359d36a134d30a1ff36af10d3fee) Importer(815301076,1909f56bfc062723c751e8b465ee728b)
Start importing Assets/Sunnyland/flower.png using Guid(dd45359d36a134d30a1ff36af10d3fee) Importer(815301076,1909f56bfc062723c751e8b465ee728b)  -> (artifact id: '328a92c7b405dd669cd75f7189e2a202') in 0.005969 seconds
Number of updated asset objects reloaded before import = 0
Number of asset objects unloaded after import = 3
========================================================================
Received Import Request.
  Time since last request: 10.250727 seconds.
  path: Assets/Slippery.physicsMaterial2D
  artifactKey: Guid(d0056c69a7fd25f439cdb7b26ed3392a) Importer(815301076,1909f56bfc062723c751e8b465ee728b)
Start importing Assets/Slippery.physicsMaterial2D using Guid(d0056c69a7fd25f439cdb7b26ed3392a) Importer(815301076,1909f56bfc062723c751e8b465ee728b)  -> (artifact id: '9041023c37cc76322fd8ab6c1ea0ce81') in 0.001340 seconds
Number of updated asset objects reloaded before import = 0
Number of asset objects unloaded after import = 1
========================================================================
Received Import Request.
  Time since last request: 4.513465 seconds.
  path: Assets/Prefabs
  artifactKey: Guid(5955f95e7a9fe490bb20cc48e85225b7) Importer(815301076,1909f56bfc062723c751e8b465ee728b)
Start importing Assets/Prefabs using Guid(5955f95e7a9fe490bb20cc48e85225b7) Importer(815301076,1909f56bfc062723c751e8b465ee728b)  -> (artifact id: 'a0cc2fff2fea806413ffcd4f724b234f') in 0.000324 seconds
Number of updated asset objects reloaded before import = 0
Number of asset objects unloaded after import = 0
========================================================================
Received Import Request.
  Time since last request: 37.874873 seconds.
  path: Assets/Prefabs/power up flower.prefab
  artifactKey: Guid(bbd8472ab81994630af85c8d2d90c794) Importer(815301076,1909f56bfc062723c751e8b465ee728b)
Start importing Assets/Prefabs/power up flower.prefab using Guid(bbd8472ab81994630af85c8d2d90c794) Importer(815301076,1909f56bfc062723c751e8b465ee728b)  -> (artifact id: 'c3c94c4dfaa4570f12561601eb9d85d5') in 0.005415 seconds
Number of updated asset objects reloaded before import = 0
Number of asset objects unloaded after import = 8
========================================================================
Received Import Request.
  Time since last request: 0.008724 seconds.
  path: Assets/Prefabs/power up bullets.prefab
  artifactKey: Guid(1874fe7a8c34e4d408bb92bfe3c0a15a) Importer(815301076,1909f56bfc062723c751e8b465ee728b)
Start importing Assets/Prefabs/power up bullets.prefab using Guid(1874fe7a8c34e4d408bb92bfe3c0a15a) Importer(815301076,1909f56bfc062723c751e8b465ee728b)  -> (artifact id: '07c98f9549129d454368e432547a5161') in 0.004429 seconds
Number of updated asset objects reloaded before import = 0
Number of asset objects unloaded after import = 8
========================================================================
Received Import Request.
  Time since last request: 22.726993 seconds.
  path: Assets/Prefabs/power up bullets.prefab
  artifactKey: Guid(1874fe7a8c34e4d408bb92bfe3c0a15a) Importer(815301076,1909f56bfc062723c751e8b465ee728b)
Start importing Assets/Prefabs/power up bullets.prefab using Guid(1874fe7a8c34e4d408bb92bfe3c0a15a) Importer(815301076,1909f56bfc062723c751e8b465ee728b)  -> (artifact id: '8ff66bab2a523623161bc3c0506540d1') in 0.005289 seconds
Number of updated asset objects reloaded before import = 0
Number of asset objects unloaded after import = 9
========================================================================
Received Import Request.
  Time since last request: 0.000034 seconds.
  path: Assets/Prefabs/power up health.prefab
  artifactKey: Guid(f9d81111b5d04425a8357d2346b9a642) Importer(815301076,1909f56bfc062723c751e8b465ee728b)
Start importing Assets/Prefabs/power up health.prefab using Guid(f9d81111b5d04425a8357d2346b9a642) Importer(815301076,1909f56bfc062723c751e8b465ee728b)  -> (artifact id: '4231d8ed7f30eaf8d3f70b8f5dbbe86e') in 0.003801 seconds
Number of updated asset objects reloaded before import = 0
Number of asset objects unloaded after import = 9
========================================================================
Received Import Request.
  Time since last request: 194.965261 seconds.
  path: Assets/PowerUpSpawner.cs
  artifactKey: Guid(b11560fb9565a4d499f8542959772124) Importer(815301076,1909f56bfc062723c751e8b465ee728b)
Start importing Assets/PowerUpSpawner.cs using Guid(b11560fb9565a4d499f8542959772124) Importer(815301076,1909f56bfc062723c751e8b465ee728b)  -> (artifact id: '81d506fb42bf65dc0880f5bdbad27048') in 0.001336 seconds
Number of updated asset objects reloaded before import = 0
Number of asset objects unloaded after import = 0
========================================================================
Received Import Request.
  Time since last request: 81.703083 seconds.
  path: Assets/PowerUpSpawner.cs
  artifactKey: Guid(b11560fb9565a4d499f8542959772124) Importer(815301076,1909f56bfc062723c751e8b465ee728b)
Start importing Assets/PowerUpSpawner.cs using Guid(b11560fb9565a4d499f8542959772124) Importer(815301076,1909f56bfc062723c751e8b465ee728b)  -> (artifact id: '5b6b9c6c746144a82f2397cc0c1183a4') in 0.000293 seconds
Number of updated asset objects reloaded before import = 0
Number of asset objects unloaded after import = 0
========================================================================
Received Import Request.
  Time since last request: 41.437195 seconds.
  path: Assets/PowerUpSpawner.cs
  artifactKey: Guid(b11560fb9565a4d499f8542959772124) Importer(815301076,1909f56bfc062723c751e8b465ee728b)
Start importing Assets/PowerUpSpawner.cs using Guid(b11560fb9565a4d499f8542959772124) Importer(815301076,1909f56bfc062723c751e8b465ee728b)  -> (artifact id: '6d358b3f3cf35c7623525a23c80ffcd3') in 0.000293 seconds
Number of updated asset objects reloaded before import = 0
Number of asset objects unloaded after import = 0
========================================================================
Received Import Request.
  Time since last request: 0.400646 seconds.
  path: Assets/PowerUps.cs
  artifactKey: Guid(97a46032f9c344d33ba2ff370b2a7f04) Importer(815301076,1909f56bfc062723c751e8b465ee728b)
Start importing Assets/PowerUps.cs using Guid(97a46032f9c344d33ba2ff370b2a7f04) Importer(815301076,1909f56bfc062723c751e8b465ee728b)  -> (artifact id: 'de957c4eb04a64a45409171308be67af') in 0.000259 seconds
Number of updated asset objects reloaded before import = 0
Number of asset objects unloaded after import = 0
========================================================================
Received Import Request.
  Time since last request: 10.242263 seconds.
  path: Assets/PowerUps.cs
  artifactKey: Guid(97a46032f9c344d33ba2ff370b2a7f04) Importer(815301076,1909f56bfc062723c751e8b465ee728b)
Start importing Assets/PowerUps.cs using Guid(97a46032f9c344d33ba2ff370b2a7f04) Importer(815301076,1909f56bfc062723c751e8b465ee728b)  -> (artifact id: 'cd0fb392eb02e2e2eaf2f64a00a2f856') in 0.000371 seconds
Number of updated asset objects reloaded before import = 0
Number of asset objects unloaded after import = 0
========================================================================
Received Import Request.
  Time since last request: 220.902624 seconds.
  path: Assets/8 Bit Think Calm Puzzle Chiptune Game Music by HeatleyBros.mp3
  artifactKey: Guid(4de233ed182704c0e8c6e0597d7301ae) Importer(815301076,1909f56bfc062723c751e8b465ee728b)
Start importing Assets/8 Bit Think Calm Puzzle Chiptune Game Music by HeatleyBros.mp3 using Guid(4de233ed182704c0e8c6e0597d7301ae) Importer(815301076,1909f56bfc062723c751e8b465ee728b)  -> (artifact id: '77fffd4e1b9ad79144b911f1db3e3f91') in 0.040879 seconds
Number of updated asset objects reloaded before import = 0
Number of asset objects unloaded after import = 2
